{"/home/travis/build/npmtest/node-npmtest-angular-formly/test.js":{"path":"/home/travis/build/npmtest/node-npmtest-angular-formly/test.js","s":{"1":2,"2":2,"3":2,"4":2,"5":2,"6":2,"7":2,"8":1,"9":2,"10":2,"11":1,"12":1,"13":1,"14":1,"15":2,"16":2,"17":2,"18":2,"19":1,"20":1,"21":2,"22":2,"23":2,"24":1,"25":1,"26":1,"27":1,"28":1,"29":1,"30":1,"31":1,"32":1,"33":1,"34":1,"35":1,"36":1,"37":1,"38":1,"39":2,"40":2,"41":1,"42":2,"43":2,"44":1,"45":2,"46":2,"47":1,"48":2,"49":2,"50":1,"51":1,"52":1,"53":1,"54":1},"b":{"1":[2,1,1,1],"2":[1,1,1,1],"3":[1,1],"4":[1,1],"5":[1,1],"6":[1,1],"7":[1,1],"8":[1,1],"9":[1,1],"10":[1,1,1],"11":[1,1],"12":[1,1],"13":[1,1],"14":[1,1],"15":[1,1],"16":[1,1],"17":[1,1]},"f":{"1":2,"2":2,"3":2,"4":2,"5":2,"6":1,"7":1,"8":1,"9":2,"10":2,"11":2,"12":2,"13":1},"fnMap":{"1":{"name":"(anonymous_1)","line":12,"loc":{"start":{"line":12,"column":1},"end":{"line":12,"column":13}}},"2":{"name":"(anonymous_2)","line":19,"loc":{"start":{"line":19,"column":5},"end":{"line":19,"column":17}}},"3":{"name":"(anonymous_3)","line":23,"loc":{"start":{"line":23,"column":24},"end":{"line":23,"column":36}}},"4":{"name":"(anonymous_4)","line":61,"loc":{"start":{"line":61,"column":5},"end":{"line":61,"column":17}}},"5":{"name":"(anonymous_5)","line":82,"loc":{"start":{"line":82,"column":5},"end":{"line":82,"column":17}}},"6":{"name":"(anonymous_6)","line":91,"loc":{"start":{"line":91,"column":77},"end":{"line":94,"column":10}}},"7":{"name":"(anonymous_7)","line":112,"loc":{"start":{"line":112,"column":83},"end":{"line":115,"column":10}},"skip":true},"8":{"name":"(anonymous_8)","line":123,"loc":{"start":{"line":123,"column":77},"end":{"line":126,"column":10}},"skip":true},"9":{"name":"(anonymous_9)","line":139,"loc":{"start":{"line":139,"column":12},"end":{"line":139,"column":40}},"skip":true},"10":{"name":"(anonymous_10)","line":147,"loc":{"start":{"line":147,"column":77},"end":{"line":150,"column":10}},"skip":true},"11":{"name":"(anonymous_11)","line":158,"loc":{"start":{"line":158,"column":83},"end":{"line":161,"column":10}},"skip":true},"12":{"name":"(anonymous_12)","line":169,"loc":{"start":{"line":169,"column":79},"end":{"line":172,"column":10}},"skip":true},"13":{"name":"(anonymous_13)","line":180,"loc":{"start":{"line":180,"column":75},"end":{"line":183,"column":10}},"skip":true}},"statementMap":{"1":{"start":{"line":12,"column":0},"end":{"line":195,"column":5}},"2":{"start":{"line":14,"column":4},"end":{"line":14,"column":14}},"3":{"start":{"line":19,"column":4},"end":{"line":56,"column":9}},"4":{"start":{"line":21,"column":8},"end":{"line":21,"column":19}},"5":{"start":{"line":23,"column":8},"end":{"line":35,"column":13}},"6":{"start":{"line":24,"column":12},"end":{"line":34,"column":13}},"7":{"start":{"line":25,"column":16},"end":{"line":28,"column":30}},"8":{"start":{"line":30,"column":16},"end":{"line":33,"column":27}},"9":{"start":{"line":37,"column":8},"end":{"line":39,"column":21}},"10":{"start":{"line":40,"column":8},"end":{"line":53,"column":9}},"11":{"start":{"line":43,"column":12},"end":{"line":46,"column":14}},"12":{"start":{"line":47,"column":12},"end":{"line":47,"column":18}},"13":{"start":{"line":50,"column":12},"end":{"line":51,"column":33}},"14":{"start":{"line":52,"column":12},"end":{"line":52,"column":18}},"15":{"start":{"line":55,"column":8},"end":{"line":55,"column":35}},"16":{"start":{"line":61,"column":4},"end":{"line":63,"column":9}},"17":{"start":{"line":62,"column":8},"end":{"line":62,"column":15}},"18":{"start":{"line":64,"column":4},"end":{"line":77,"column":5}},"19":{"start":{"line":70,"column":8},"end":{"line":70,"column":14}},"20":{"start":{"line":76,"column":8},"end":{"line":76,"column":14}},"21":{"start":{"line":82,"column":4},"end":{"line":84,"column":9}},"22":{"start":{"line":83,"column":8},"end":{"line":83,"column":15}},"23":{"start":{"line":85,"column":4},"end":{"line":194,"column":5}},"24":{"start":{"line":91,"column":8},"end":{"line":99,"column":10}},"25":{"start":{"line":98,"column":12},"end":{"line":98,"column":35}},"26":{"start":{"line":102,"column":8},"end":{"line":104,"column":63}},"27":{"start":{"line":105,"column":8},"end":{"line":105,"column":14}},"28":{"start":{"line":112,"column":8},"end":{"line":121,"column":10},"skip":true},"29":{"start":{"line":119,"column":12},"end":{"line":119,"column":55},"skip":true},"30":{"start":{"line":120,"column":12},"end":{"line":120,"column":48},"skip":true},"31":{"start":{"line":123,"column":8},"end":{"line":136,"column":10},"skip":true},"32":{"start":{"line":130,"column":12},"end":{"line":130,"column":76},"skip":true},"33":{"start":{"line":131,"column":12},"end":{"line":131,"column":73},"skip":true},"34":{"start":{"line":132,"column":12},"end":{"line":132,"column":74},"skip":true},"35":{"start":{"line":133,"column":12},"end":{"line":133,"column":79},"skip":true},"36":{"start":{"line":134,"column":12},"end":{"line":134,"column":25},"skip":true},"37":{"start":{"line":135,"column":12},"end":{"line":135,"column":45},"skip":true},"38":{"start":{"line":138,"column":8},"end":{"line":145,"column":14},"skip":true},"39":{"start":{"line":143,"column":16},"end":{"line":143,"column":29},"skip":true},"40":{"start":{"line":144,"column":16},"end":{"line":144,"column":55},"skip":true},"41":{"start":{"line":147,"column":8},"end":{"line":156,"column":10},"skip":true},"42":{"start":{"line":154,"column":12},"end":{"line":154,"column":25},"skip":true},"43":{"start":{"line":155,"column":12},"end":{"line":155,"column":45},"skip":true},"44":{"start":{"line":158,"column":8},"end":{"line":167,"column":10},"skip":true},"45":{"start":{"line":165,"column":12},"end":{"line":165,"column":25},"skip":true},"46":{"start":{"line":166,"column":12},"end":{"line":166,"column":48},"skip":true},"47":{"start":{"line":169,"column":8},"end":{"line":178,"column":10},"skip":true},"48":{"start":{"line":176,"column":12},"end":{"line":176,"column":25},"skip":true},"49":{"start":{"line":177,"column":12},"end":{"line":177,"column":46},"skip":true},"50":{"start":{"line":180,"column":8},"end":{"line":189,"column":10},"skip":true},"51":{"start":{"line":187,"column":12},"end":{"line":187,"column":94},"skip":true},"52":{"start":{"line":188,"column":12},"end":{"line":188,"column":48},"skip":true},"53":{"start":{"line":192,"column":8},"end":{"line":192,"column":35},"skip":true},"54":{"start":{"line":193,"column":8},"end":{"line":193,"column":14},"skip":true}},"branchMap":{"1":{"line":25,"type":"binary-expr","locations":[{"start":{"line":25,"column":23},"end":{"line":25,"column":62}},{"start":{"line":26,"column":20},"end":{"line":26,"column":70}},{"start":{"line":27,"column":20},"end":{"line":27,"column":71}},{"start":{"line":28,"column":20},"end":{"line":28,"column":29}}]},"2":{"line":30,"type":"binary-expr","locations":[{"start":{"line":30,"column":23},"end":{"line":30,"column":37}},{"start":{"line":31,"column":20},"end":{"line":31,"column":61}},{"start":{"line":32,"column":20},"end":{"line":32,"column":70}},{"start":{"line":33,"column":20},"end":{"line":33,"column":26}}]},"3":{"line":37,"type":"cond-expr","locations":[{"start":{"line":38,"column":14},"end":{"line":38,"column":20}},{"start":{"line":39,"column":14},"end":{"line":39,"column":20}}]},"4":{"line":40,"type":"switch","locations":[{"start":{"line":42,"column":8},"end":{"line":47,"column":18}},{"start":{"line":49,"column":8},"end":{"line":52,"column":18}}]},"5":{"line":44,"type":"binary-expr","locations":[{"start":{"line":44,"column":16},"end":{"line":44,"column":44}},{"start":{"line":44,"column":48},"end":{"line":44,"column":66}}]},"6":{"line":50,"type":"binary-expr","locations":[{"start":{"line":50,"column":21},"end":{"line":50,"column":49}},{"start":{"line":50,"column":53},"end":{"line":50,"column":72}}]},"7":{"line":64,"type":"switch","locations":[{"start":{"line":69,"column":4},"end":{"line":70,"column":14}},{"start":{"line":75,"column":4},"end":{"line":76,"column":14}}]},"8":{"line":85,"type":"switch","locations":[{"start":{"line":90,"column":4},"end":{"line":105,"column":14}},{"start":{"line":111,"column":4},"end":{"line":193,"column":14},"skip":true}]},"9":{"line":91,"type":"binary-expr","locations":[{"start":{"line":91,"column":42},"end":{"line":91,"column":73}},{"start":{"line":91,"column":77},"end":{"line":99,"column":9}}]},"10":{"line":102,"type":"binary-expr","locations":[{"start":{"line":102,"column":18},"end":{"line":102,"column":32}},{"start":{"line":103,"column":12},"end":{"line":103,"column":53}},{"start":{"line":104,"column":12},"end":{"line":104,"column":61}}]},"11":{"line":112,"type":"binary-expr","locations":[{"start":{"line":112,"column":45},"end":{"line":112,"column":79},"skip":true},{"start":{"line":112,"column":83},"end":{"line":121,"column":9},"skip":true}]},"12":{"line":123,"type":"binary-expr","locations":[{"start":{"line":123,"column":42},"end":{"line":123,"column":73},"skip":true},{"start":{"line":123,"column":77},"end":{"line":136,"column":9},"skip":true}]},"13":{"line":138,"type":"binary-expr","locations":[{"start":{"line":138,"column":48},"end":{"line":138,"column":85},"skip":true},{"start":{"line":139,"column":12},"end":{"line":145,"column":13},"skip":true}]},"14":{"line":147,"type":"binary-expr","locations":[{"start":{"line":147,"column":42},"end":{"line":147,"column":73},"skip":true},{"start":{"line":147,"column":77},"end":{"line":156,"column":9},"skip":true}]},"15":{"line":158,"type":"binary-expr","locations":[{"start":{"line":158,"column":45},"end":{"line":158,"column":79},"skip":true},{"start":{"line":158,"column":83},"end":{"line":167,"column":9},"skip":true}]},"16":{"line":169,"type":"binary-expr","locations":[{"start":{"line":169,"column":43},"end":{"line":169,"column":75},"skip":true},{"start":{"line":169,"column":79},"end":{"line":178,"column":9},"skip":true}]},"17":{"line":180,"type":"binary-expr","locations":[{"start":{"line":180,"column":41},"end":{"line":180,"column":71},"skip":true},{"start":{"line":180,"column":75},"end":{"line":189,"column":9},"skip":true}]}},"code":["/* istanbul instrument in package npmtest_angular_formly */","/*jslint","    bitwise: true,","    browser: true,","    maxerr: 8,","    maxlen: 96,","    node: true,","    nomen: true,","    regexp: true,","    stupid: true","*/","(function () {","    'use strict';","    var local;","","","","    // run shared js-env code - init-before","    (function () {","        // init local","        local = {};","        // init modeJs","        local.modeJs = (function () {","            try {","                return typeof navigator.userAgent === 'string' &&","                    typeof document.querySelector('body') === 'object' &&","                    typeof XMLHttpRequest.prototype.open === 'function' &&","                    'browser';","            } catch (errorCaughtBrowser) {","                return module.exports &&","                    typeof process.versions.node === 'string' &&","                    typeof require('http').createServer === 'function' &&","                    'node';","            }","        }());","        // init global","        local.global = local.modeJs === 'browser'","            ? window","            : global;","        switch (local.modeJs) {","        // re-init local from window.local","        case 'browser':","            local = local.global.utility2.objectSetDefault(","                local.global.utility2_rollup || local.global.local,","                local.global.utility2","            );","            break;","        // re-init local from example.js","        case 'node':","            local = (local.global.utility2_rollup || require('utility2'))","                .requireReadme();","            break;","        }","        // export local","        local.global.local = local;","    }());","","","","    // run shared js-env code - function","    (function () {","        return;","    }());","    switch (local.modeJs) {","","","","    // run browser js-env code - function","    case 'browser':","        break;","","","","    // run node js-env code - function","    case 'node':","        break;","    }","","","","    // run shared js-env code - init-after","    (function () {","        return;","    }());","    switch (local.modeJs) {","","","","    // run browser js-env code - init-after","    case 'browser':","        local.testCase_browser_nullCase = local.testCase_browser_nullCase || function (","            options,","            onError","        ) {","        /*","         * this function will test browsers's null-case handling-behavior-behavior","         */","            onError(null, options);","        };","","        // run tests","        local.nop(local.modeTest &&","            document.querySelector('#testRunButton1') &&","            document.querySelector('#testRunButton1').click());","        break;","","","","    // run node js-env code - init-after","    /* istanbul ignore next */","    case 'node':","        local.testCase_buildApidoc_default = local.testCase_buildApidoc_default || function (","            options,","            onError","        ) {","        /*","         * this function will test buildApidoc's default handling-behavior-behavior","         */","            options = { modulePathList: module.paths };","            local.buildApidoc(options, onError);","        };","","        local.testCase_buildApp_default = local.testCase_buildApp_default || function (","            options,","            onError","        ) {","        /*","         * this function will test buildApp's default handling-behavior-behavior","         */","            local.testCase_buildReadme_default(options, local.onErrorThrow);","            local.testCase_buildLib_default(options, local.onErrorThrow);","            local.testCase_buildTest_default(options, local.onErrorThrow);","            local.testCase_buildCustomOrg_default(options, local.onErrorThrow);","            options = [];","            local.buildApp(options, onError);","        };","","        local.testCase_buildCustomOrg_default = local.testCase_buildCustomOrg_default ||","            function (options, onError) {","            /*","             * this function will test buildCustomOrg's default handling-behavior","             */","                options = {};","                local.buildCustomOrg(options, onError);","            };","","        local.testCase_buildLib_default = local.testCase_buildLib_default || function (","            options,","            onError","        ) {","        /*","         * this function will test buildLib's default handling-behavior","         */","            options = {};","            local.buildLib(options, onError);","        };","","        local.testCase_buildReadme_default = local.testCase_buildReadme_default || function (","            options,","            onError","        ) {","        /*","         * this function will test buildReadme's default handling-behavior-behavior","         */","            options = {};","            local.buildReadme(options, onError);","        };","","        local.testCase_buildTest_default = local.testCase_buildTest_default || function (","            options,","            onError","        ) {","        /*","         * this function will test buildTest's default handling-behavior","         */","            options = {};","            local.buildTest(options, onError);","        };","","        local.testCase_webpage_default = local.testCase_webpage_default || function (","            options,","            onError","        ) {","        /*","         * this function will test webpage's default handling-behavior","         */","            options = { modeCoverageMerge: true, url: local.serverLocalHost + '?modeTest=1' };","            local.browserTest(options, onError);","        };","","        // run test-server","        local.testRunServer(local);","        break;","    }","}());",""],"l":{"12":2,"14":2,"19":2,"21":2,"23":2,"24":2,"25":2,"30":1,"37":2,"40":2,"43":1,"47":1,"50":1,"52":1,"55":2,"61":2,"62":2,"64":2,"70":1,"76":1,"82":2,"83":2,"85":2,"91":1,"98":1,"102":1,"105":1,"112":1,"119":1,"120":1,"123":1,"130":1,"131":1,"132":1,"133":1,"134":1,"135":1,"138":1,"143":2,"144":2,"147":1,"154":2,"155":2,"158":1,"165":2,"166":2,"169":1,"176":2,"177":2,"180":1,"187":1,"188":1,"192":1,"193":1}},"/home/travis/build/npmtest/node-npmtest-angular-formly/lib.npmtest_angular_formly.js":{"path":"/home/travis/build/npmtest/node-npmtest-angular-formly/lib.npmtest_angular_formly.js","s":{"1":2,"2":2,"3":2,"4":2,"5":2,"6":2,"7":2,"8":1,"9":2,"10":2,"11":2,"12":2,"13":1,"14":1,"15":1,"16":1},"b":{"1":[2,1,1,1],"2":[1,1,1,1],"3":[1,1],"4":[2,2],"5":[1,1]},"f":{"1":2,"2":2,"3":2},"fnMap":{"1":{"name":"(anonymous_1)","line":12,"loc":{"start":{"line":12,"column":1},"end":{"line":12,"column":13}}},"2":{"name":"(anonymous_2)","line":19,"loc":{"start":{"line":19,"column":5},"end":{"line":19,"column":17}}},"3":{"name":"(anonymous_3)","line":23,"loc":{"start":{"line":23,"column":24},"end":{"line":23,"column":36}}}},"statementMap":{"1":{"start":{"line":12,"column":0},"end":{"line":53,"column":5}},"2":{"start":{"line":14,"column":4},"end":{"line":14,"column":14}},"3":{"start":{"line":19,"column":4},"end":{"line":52,"column":9}},"4":{"start":{"line":21,"column":8},"end":{"line":21,"column":19}},"5":{"start":{"line":23,"column":8},"end":{"line":35,"column":13}},"6":{"start":{"line":24,"column":12},"end":{"line":34,"column":13}},"7":{"start":{"line":25,"column":16},"end":{"line":28,"column":30}},"8":{"start":{"line":30,"column":16},"end":{"line":33,"column":27}},"9":{"start":{"line":37,"column":8},"end":{"line":39,"column":21}},"10":{"start":{"line":41,"column":8},"end":{"line":41,"column":54}},"11":{"start":{"line":43,"column":8},"end":{"line":43,"column":59}},"12":{"start":{"line":45,"column":8},"end":{"line":51,"column":9}},"13":{"start":{"line":46,"column":12},"end":{"line":46,"column":65}},"14":{"start":{"line":48,"column":12},"end":{"line":48,"column":35}},"15":{"start":{"line":49,"column":12},"end":{"line":49,"column":49}},"16":{"start":{"line":50,"column":12},"end":{"line":50,"column":43}}},"branchMap":{"1":{"line":25,"type":"binary-expr","locations":[{"start":{"line":25,"column":23},"end":{"line":25,"column":62}},{"start":{"line":26,"column":20},"end":{"line":26,"column":70}},{"start":{"line":27,"column":20},"end":{"line":27,"column":71}},{"start":{"line":28,"column":20},"end":{"line":28,"column":29}}]},"2":{"line":30,"type":"binary-expr","locations":[{"start":{"line":30,"column":23},"end":{"line":30,"column":37}},{"start":{"line":31,"column":20},"end":{"line":31,"column":61}},{"start":{"line":32,"column":20},"end":{"line":32,"column":70}},{"start":{"line":33,"column":20},"end":{"line":33,"column":26}}]},"3":{"line":37,"type":"cond-expr","locations":[{"start":{"line":38,"column":14},"end":{"line":38,"column":20}},{"start":{"line":39,"column":14},"end":{"line":39,"column":20}}]},"4":{"line":41,"type":"binary-expr","locations":[{"start":{"line":41,"column":16},"end":{"line":41,"column":44}},{"start":{"line":41,"column":48},"end":{"line":41,"column":53}}]},"5":{"line":45,"type":"if","locations":[{"start":{"line":45,"column":8},"end":{"line":45,"column":8}},{"start":{"line":45,"column":8},"end":{"line":45,"column":8}}]}},"code":["/* istanbul instrument in package npmtest_angular_formly */","/*jslint","    bitwise: true,","    browser: true,","    maxerr: 8,","    maxlen: 96,","    node: true,","    nomen: true,","    regexp: true,","    stupid: true","*/","(function () {","    'use strict';","    var local;","","","","    // run shared js-env code - init-before","    (function () {","        // init local","        local = {};","        // init modeJs","        local.modeJs = (function () {","            try {","                return typeof navigator.userAgent === 'string' &&","                    typeof document.querySelector('body') === 'object' &&","                    typeof XMLHttpRequest.prototype.open === 'function' &&","                    'browser';","            } catch (errorCaughtBrowser) {","                return module.exports &&","                    typeof process.versions.node === 'string' &&","                    typeof require('http').createServer === 'function' &&","                    'node';","            }","        }());","        // init global","        local.global = local.modeJs === 'browser'","            ? window","            : global;","        // init utility2_rollup","        local = local.global.utility2_rollup || local;","        // init lib","        local.local = local.npmtest_angular_formly = local;","        // init exports","        if (local.modeJs === 'browser') {","            local.global.utility2_npmtest_angular_formly = local;","        } else {","            module.exports = local;","            module.exports.__dirname = __dirname;","            module.exports.module = module;","        }","    }());","}());",""],"l":{"12":2,"14":2,"19":2,"21":2,"23":2,"24":2,"25":2,"30":1,"37":2,"41":2,"43":2,"45":2,"46":1,"48":1,"49":1,"50":1}},"/home/travis/build/npmtest/node-npmtest-angular-formly/example.js":{"path":"/home/travis/build/npmtest/node-npmtest-angular-formly/example.js","s":{"1":2,"2":2,"3":2,"4":2,"5":2,"6":2,"7":2,"8":1,"9":2,"10":2,"11":2,"12":2,"13":1,"14":2,"15":2,"16":2,"17":2,"18":2,"19":0,"20":2,"21":1,"22":1,"23":1,"24":1,"25":1,"26":0,"27":0,"28":1,"29":1,"30":2,"31":0,"32":0,"33":0,"34":1,"35":2,"36":2,"37":3,"38":3,"39":3,"40":3,"41":0,"42":3,"43":3,"44":3,"45":1,"46":3,"47":1,"48":1,"49":1,"50":1,"51":1,"52":1,"53":1,"54":1,"55":1,"56":1,"57":0,"58":1,"59":6,"60":6,"61":1,"62":2,"63":0,"64":2,"65":1,"66":1,"67":0,"68":0,"69":0,"70":0,"71":0,"72":0,"73":0,"74":0,"75":0,"76":0,"77":0,"78":0,"79":0,"80":0,"81":0,"82":0,"83":0},"b":{"1":[2,1,1,1],"2":[1,1,1,1],"3":[1,1],"4":[2,2],"5":[1,1],"6":[1,1],"7":[2,0],"8":[2,1,1,1,1,1],"9":[0,2,0],"10":[1,1],"11":[2,1,1],"12":[1,0],"13":[0,2],"14":[2,0,0,0,0,0,0],"15":[0,3],"16":[3,0],"17":[1,1],"18":[0,1],"19":[1,2,0,2],"20":[1,0],"21":[1,1],"22":[0,0],"23":[0,0],"24":[0,0],"25":[0,0],"26":[0,0],"27":[0,0],"28":[0,0]},"f":{"1":2,"2":2,"3":2,"4":2,"5":2,"6":2,"7":3,"8":3,"9":3,"10":1,"11":6,"12":0},"fnMap":{"1":{"name":"(anonymous_1)","line":26,"loc":{"start":{"line":26,"column":1},"end":{"line":26,"column":13}}},"2":{"name":"(anonymous_2)","line":33,"loc":{"start":{"line":33,"column":5},"end":{"line":33,"column":17}}},"3":{"name":"(anonymous_3)","line":37,"loc":{"start":{"line":37,"column":24},"end":{"line":37,"column":36}}},"4":{"name":"(anonymous_4)","line":69,"loc":{"start":{"line":69,"column":31},"end":{"line":69,"column":48}},"skip":true},"5":{"name":"(anonymous_5)","line":78,"loc":{"start":{"line":78,"column":26},"end":{"line":78,"column":45}},"skip":true},"6":{"name":"(anonymous_6)","line":123,"loc":{"start":{"line":123,"column":33},"end":{"line":123,"column":48}},"skip":true},"7":{"name":"(anonymous_7)","line":125,"loc":{"start":{"line":125,"column":27},"end":{"line":125,"column":39}},"skip":true},"8":{"name":"(anonymous_8)","line":133,"loc":{"start":{"line":133,"column":59},"end":{"line":133,"column":74}},"skip":true},"9":{"name":"(anonymous_9)","line":143,"loc":{"start":{"line":143,"column":45},"end":{"line":143,"column":62}},"skip":true},"10":{"name":"(anonymous_10)","line":144,"loc":{"start":{"line":144,"column":73},"end":{"line":144,"column":92}},"skip":true},"11":{"name":"(anonymous_11)","line":272,"loc":{"start":{"line":272,"column":51},"end":{"line":272,"column":77}},"skip":true},"12":{"name":"(anonymous_12)","line":315,"loc":{"start":{"line":315,"column":32},"end":{"line":315,"column":61}},"skip":true}},"statementMap":{"1":{"start":{"line":26,"column":0},"end":{"line":326,"column":5}},"2":{"start":{"line":28,"column":4},"end":{"line":28,"column":14}},"3":{"start":{"line":33,"column":4},"end":{"line":60,"column":9}},"4":{"start":{"line":35,"column":8},"end":{"line":35,"column":19}},"5":{"start":{"line":37,"column":8},"end":{"line":49,"column":13}},"6":{"start":{"line":38,"column":12},"end":{"line":48,"column":13}},"7":{"start":{"line":39,"column":16},"end":{"line":42,"column":30}},"8":{"start":{"line":44,"column":16},"end":{"line":47,"column":27}},"9":{"start":{"line":51,"column":8},"end":{"line":53,"column":21}},"10":{"start":{"line":55,"column":8},"end":{"line":57,"column":45}},"11":{"start":{"line":59,"column":8},"end":{"line":59,"column":35}},"12":{"start":{"line":61,"column":4},"end":{"line":325,"column":5}},"13":{"start":{"line":69,"column":8},"end":{"line":121,"column":10},"skip":true},"14":{"start":{"line":70,"column":12},"end":{"line":88,"column":13},"skip":true},"15":{"start":{"line":76,"column":16},"end":{"line":87,"column":19},"skip":true},"16":{"start":{"line":79,"column":20},"end":{"line":86,"column":21},"skip":true},"17":{"start":{"line":82,"column":24},"end":{"line":82,"column":43},"skip":true},"18":{"start":{"line":83,"column":24},"end":{"line":83,"column":30},"skip":true},"19":{"start":{"line":85,"column":24},"end":{"line":85,"column":49},"skip":true},"20":{"start":{"line":89,"column":12},"end":{"line":107,"column":13},"skip":true},"21":{"start":{"line":92,"column":16},"end":{"line":102,"column":17},"skip":true},"22":{"start":{"line":93,"column":20},"end":{"line":93,"column":86},"skip":true},"23":{"start":{"line":94,"column":20},"end":{"line":95,"column":45},"skip":true},"24":{"start":{"line":96,"column":20},"end":{"line":96,"column":42},"skip":true},"25":{"start":{"line":97,"column":20},"end":{"line":97,"column":48},"skip":true},"26":{"start":{"line":100,"column":20},"end":{"line":100,"column":85},"skip":true},"27":{"start":{"line":101,"column":20},"end":{"line":101,"column":96},"skip":true},"28":{"start":{"line":103,"column":16},"end":{"line":103,"column":22},"skip":true},"29":{"start":{"line":106,"column":16},"end":{"line":106,"column":22},"skip":true},"30":{"start":{"line":108,"column":12},"end":{"line":120,"column":13},"skip":true},"31":{"start":{"line":114,"column":16},"end":{"line":119,"column":17},"skip":true},"32":{"start":{"line":116,"column":20},"end":{"line":116,"column":78},"skip":true},"33":{"start":{"line":118,"column":20},"end":{"line":118,"column":47},"skip":true},"34":{"start":{"line":123,"column":8},"end":{"line":141,"column":11},"skip":true},"35":{"start":{"line":124,"column":12},"end":{"line":124,"column":54},"skip":true},"36":{"start":{"line":125,"column":12},"end":{"line":140,"column":14},"skip":true},"37":{"start":{"line":126,"column":16},"end":{"line":126,"column":28},"skip":true},"38":{"start":{"line":127,"column":16},"end":{"line":127,"column":69},"skip":true},"39":{"start":{"line":128,"column":16},"end":{"line":128,"column":75},"skip":true},"40":{"start":{"line":129,"column":16},"end":{"line":131,"column":17},"skip":true},"41":{"start":{"line":130,"column":20},"end":{"line":130,"column":27},"skip":true},"42":{"start":{"line":133,"column":16},"end":{"line":137,"column":36},"skip":true},"43":{"start":{"line":134,"column":20},"end":{"line":136,"column":55},"skip":true},"44":{"start":{"line":139,"column":16},"end":{"line":139,"column":57},"skip":true},"45":{"start":{"line":143,"column":8},"end":{"line":147,"column":11},"skip":true},"46":{"start":{"line":144,"column":12},"end":{"line":146,"column":15},"skip":true},"47":{"start":{"line":145,"column":16},"end":{"line":145,"column":70},"skip":true},"48":{"start":{"line":149,"column":8},"end":{"line":149,"column":31},"skip":true},"49":{"start":{"line":150,"column":8},"end":{"line":150,"column":14},"skip":true},"50":{"start":{"line":158,"column":8},"end":{"line":158,"column":31},"skip":true},"51":{"start":{"line":160,"column":8},"end":{"line":160,"column":33},"skip":true},"52":{"start":{"line":161,"column":8},"end":{"line":161,"column":37},"skip":true},"53":{"start":{"line":162,"column":8},"end":{"line":162,"column":35},"skip":true},"54":{"start":{"line":164,"column":8},"end":{"line":164,"column":50},"skip":true},"55":{"start":{"line":166,"column":8},"end":{"line":256,"column":2},"skip":true},"56":{"start":{"line":258,"column":8},"end":{"line":286,"column":9},"skip":true},"57":{"start":{"line":259,"column":12},"end":{"line":269,"column":14},"skip":true},"58":{"start":{"line":271,"column":12},"end":{"line":285,"column":19},"skip":true},"59":{"start":{"line":274,"column":20},"end":{"line":274,"column":35},"skip":true},"60":{"start":{"line":275,"column":20},"end":{"line":284,"column":21},"skip":true},"61":{"start":{"line":277,"column":24},"end":{"line":277,"column":64},"skip":true},"62":{"start":{"line":279,"column":24},"end":{"line":279,"column":40},"skip":true},"63":{"start":{"line":281,"column":24},"end":{"line":281,"column":40},"skip":true},"64":{"start":{"line":283,"column":24},"end":{"line":283,"column":39},"skip":true},"65":{"start":{"line":288,"column":8},"end":{"line":290,"column":9},"skip":true},"66":{"start":{"line":289,"column":12},"end":{"line":289,"column":18},"skip":true},"67":{"start":{"line":291,"column":8},"end":{"line":293,"column":54},"skip":true},"68":{"start":{"line":296,"column":8},"end":{"line":301,"column":37},"skip":true},"69":{"start":{"line":303,"column":8},"end":{"line":303,"column":82},"skip":true},"70":{"start":{"line":306,"column":8},"end":{"line":308,"column":9},"skip":true},"71":{"start":{"line":307,"column":12},"end":{"line":307,"column":82},"skip":true},"72":{"start":{"line":310,"column":8},"end":{"line":312,"column":9},"skip":true},"73":{"start":{"line":311,"column":12},"end":{"line":311,"column":18},"skip":true},"74":{"start":{"line":313,"column":8},"end":{"line":313,"column":54},"skip":true},"75":{"start":{"line":314,"column":8},"end":{"line":314,"column":69},"skip":true},"76":{"start":{"line":315,"column":8},"end":{"line":323,"column":36},"skip":true},"77":{"start":{"line":316,"column":12},"end":{"line":316,"column":61},"skip":true},"78":{"start":{"line":317,"column":12},"end":{"line":320,"column":13},"skip":true},"79":{"start":{"line":318,"column":16},"end":{"line":318,"column":75},"skip":true},"80":{"start":{"line":319,"column":16},"end":{"line":319,"column":23},"skip":true},"81":{"start":{"line":321,"column":12},"end":{"line":321,"column":38},"skip":true},"82":{"start":{"line":322,"column":12},"end":{"line":322,"column":27},"skip":true},"83":{"start":{"line":324,"column":8},"end":{"line":324,"column":14},"skip":true}},"branchMap":{"1":{"line":39,"type":"binary-expr","locations":[{"start":{"line":39,"column":23},"end":{"line":39,"column":62}},{"start":{"line":40,"column":20},"end":{"line":40,"column":70}},{"start":{"line":41,"column":20},"end":{"line":41,"column":71}},{"start":{"line":42,"column":20},"end":{"line":42,"column":29}}]},"2":{"line":44,"type":"binary-expr","locations":[{"start":{"line":44,"column":23},"end":{"line":44,"column":37}},{"start":{"line":45,"column":20},"end":{"line":45,"column":61}},{"start":{"line":46,"column":20},"end":{"line":46,"column":70}},{"start":{"line":47,"column":20},"end":{"line":47,"column":26}}]},"3":{"line":51,"type":"cond-expr","locations":[{"start":{"line":52,"column":14},"end":{"line":52,"column":20}},{"start":{"line":53,"column":14},"end":{"line":53,"column":20}}]},"4":{"line":55,"type":"binary-expr","locations":[{"start":{"line":55,"column":16},"end":{"line":55,"column":44}},{"start":{"line":55,"column":49},"end":{"line":57,"column":43}}]},"5":{"line":55,"type":"cond-expr","locations":[{"start":{"line":56,"column":14},"end":{"line":56,"column":58}},{"start":{"line":57,"column":14},"end":{"line":57,"column":43}}]},"6":{"line":61,"type":"switch","locations":[{"start":{"line":68,"column":4},"end":{"line":150,"column":14},"skip":true},{"start":{"line":156,"column":4},"end":{"line":324,"column":14},"skip":true}]},"7":{"line":70,"type":"if","locations":[{"start":{"line":70,"column":12},"end":{"line":70,"column":12},"skip":true},{"start":{"line":70,"column":12},"end":{"line":70,"column":12},"skip":true}]},"8":{"line":70,"type":"binary-expr","locations":[{"start":{"line":70,"column":16},"end":{"line":70,"column":22},"skip":true},{"start":{"line":70,"column":27},"end":{"line":70,"column":32},"skip":true},{"start":{"line":71,"column":20},"end":{"line":71,"column":39},"skip":true},{"start":{"line":72,"column":20},"end":{"line":72,"column":49},"skip":true},{"start":{"line":73,"column":20},"end":{"line":73,"column":58},"skip":true},{"start":{"line":74,"column":20},"end":{"line":74,"column":69},"skip":true}]},"9":{"line":79,"type":"switch","locations":[{"start":{"line":80,"column":20},"end":{"line":80,"column":33},"skip":true},{"start":{"line":81,"column":20},"end":{"line":83,"column":30},"skip":true},{"start":{"line":84,"column":20},"end":{"line":85,"column":49},"skip":true}]},"10":{"line":89,"type":"switch","locations":[{"start":{"line":90,"column":12},"end":{"line":103,"column":22},"skip":true},{"start":{"line":105,"column":12},"end":{"line":106,"column":22},"skip":true}]},"11":{"line":89,"type":"binary-expr","locations":[{"start":{"line":89,"column":20},"end":{"line":89,"column":25},"skip":true},{"start":{"line":89,"column":29},"end":{"line":89,"column":48},"skip":true},{"start":{"line":89,"column":52},"end":{"line":89,"column":74},"skip":true}]},"12":{"line":92,"type":"if","locations":[{"start":{"line":92,"column":16},"end":{"line":92,"column":16},"skip":true},{"start":{"line":92,"column":16},"end":{"line":92,"column":16},"skip":true}]},"13":{"line":108,"type":"if","locations":[{"start":{"line":108,"column":12},"end":{"line":108,"column":12},"skip":true},{"start":{"line":108,"column":12},"end":{"line":108,"column":12},"skip":true}]},"14":{"line":108,"type":"binary-expr","locations":[{"start":{"line":108,"column":16},"end":{"line":108,"column":61},"skip":true},{"start":{"line":108,"column":66},"end":{"line":108,"column":72},"skip":true},{"start":{"line":108,"column":77},"end":{"line":108,"column":82},"skip":true},{"start":{"line":109,"column":20},"end":{"line":109,"column":39},"skip":true},{"start":{"line":110,"column":20},"end":{"line":110,"column":49},"skip":true},{"start":{"line":111,"column":20},"end":{"line":111,"column":58},"skip":true},{"start":{"line":112,"column":20},"end":{"line":112,"column":68},"skip":true}]},"15":{"line":129,"type":"if","locations":[{"start":{"line":129,"column":16},"end":{"line":129,"column":16},"skip":true},{"start":{"line":129,"column":16},"end":{"line":129,"column":16},"skip":true}]},"16":{"line":134,"type":"cond-expr","locations":[{"start":{"line":135,"column":26},"end":{"line":135,"column":29},"skip":true},{"start":{"line":136,"column":26},"end":{"line":136,"column":54},"skip":true}]},"17":{"line":164,"type":"binary-expr","locations":[{"start":{"line":164,"column":27},"end":{"line":164,"column":43},"skip":true},{"start":{"line":164,"column":47},"end":{"line":164,"column":49},"skip":true}]},"18":{"line":258,"type":"if","locations":[{"start":{"line":258,"column":8},"end":{"line":258,"column":8},"skip":true},{"start":{"line":258,"column":8},"end":{"line":258,"column":8},"skip":true}]},"19":{"line":275,"type":"switch","locations":[{"start":{"line":276,"column":20},"end":{"line":277,"column":64},"skip":true},{"start":{"line":278,"column":20},"end":{"line":279,"column":40},"skip":true},{"start":{"line":280,"column":20},"end":{"line":281,"column":40},"skip":true},{"start":{"line":282,"column":20},"end":{"line":283,"column":39},"skip":true}]},"20":{"line":288,"type":"if","locations":[{"start":{"line":288,"column":8},"end":{"line":288,"column":8},"skip":true},{"start":{"line":288,"column":8},"end":{"line":288,"column":8},"skip":true}]},"21":{"line":288,"type":"binary-expr","locations":[{"start":{"line":288,"column":12},"end":{"line":288,"column":40},"skip":true},{"start":{"line":288,"column":44},"end":{"line":288,"column":67},"skip":true}]},"22":{"line":292,"type":"binary-expr","locations":[{"start":{"line":292,"column":12},"end":{"line":292,"column":50},"skip":true},{"start":{"line":293,"column":12},"end":{"line":293,"column":53},"skip":true}]},"23":{"line":297,"type":"binary-expr","locations":[{"start":{"line":297,"column":12},"end":{"line":297,"column":72},"skip":true},{"start":{"line":298,"column":12},"end":{"line":301,"column":36},"skip":true}]},"24":{"line":303,"type":"binary-expr","locations":[{"start":{"line":303,"column":43},"end":{"line":303,"column":75},"skip":true},{"start":{"line":303,"column":79},"end":{"line":303,"column":81},"skip":true}]},"25":{"line":306,"type":"if","locations":[{"start":{"line":306,"column":8},"end":{"line":306,"column":8},"skip":true},{"start":{"line":306,"column":8},"end":{"line":306,"column":8},"skip":true}]},"26":{"line":310,"type":"if","locations":[{"start":{"line":310,"column":8},"end":{"line":310,"column":8},"skip":true},{"start":{"line":310,"column":8},"end":{"line":310,"column":8},"skip":true}]},"27":{"line":313,"type":"binary-expr","locations":[{"start":{"line":313,"column":27},"end":{"line":313,"column":43},"skip":true},{"start":{"line":313,"column":47},"end":{"line":313,"column":53},"skip":true}]},"28":{"line":317,"type":"if","locations":[{"start":{"line":317,"column":12},"end":{"line":317,"column":12},"skip":true},{"start":{"line":317,"column":12},"end":{"line":317,"column":12},"skip":true}]}},"code":["/*","example.js","","quickstart example","","instruction","    1. save this script as example.js","    2. run the shell command:","        $ npm install npmtest-angular-formly && PORT=8081 node example.js","    3. play with the browser-demo on http://127.0.0.1:8081","*/","","","","/* istanbul instrument in package npmtest_angular_formly */","/*jslint","    bitwise: true,","    browser: true,","    maxerr: 8,","    maxlen: 96,","    node: true,","    nomen: true,","    regexp: true,","    stupid: true","*/","(function () {","    'use strict';","    var local;","","","","    // run shared js-env code - init-before","    (function () {","        // init local","        local = {};","        // init modeJs","        local.modeJs = (function () {","            try {","                return typeof navigator.userAgent === 'string' &&","                    typeof document.querySelector('body') === 'object' &&","                    typeof XMLHttpRequest.prototype.open === 'function' &&","                    'browser';","            } catch (errorCaughtBrowser) {","                return module.exports &&","                    typeof process.versions.node === 'string' &&","                    typeof require('http').createServer === 'function' &&","                    'node';","            }","        }());","        // init global","        local.global = local.modeJs === 'browser'","            ? window","            : global;","        // init utility2_rollup","        local = local.global.utility2_rollup || (local.modeJs === 'browser'","            ? local.global.utility2_npmtest_angular_formly","            : global.utility2_moduleExports);","        // export local","        local.global.local = local;","    }());","    switch (local.modeJs) {","","","","    // init-after","    // run browser js-env code - init-after","    /* istanbul ignore next */","    case 'browser':","        local.testRunBrowser = function (event) {","            if (!event || (event &&","                    event.currentTarget &&","                    event.currentTarget.className &&","                    event.currentTarget.className.includes &&","                    event.currentTarget.className.includes('onreset'))) {","                // reset output","                Array.from(","                    document.querySelectorAll('body > .resettable')","                ).forEach(function (element) {","                    switch (element.tagName) {","                    case 'INPUT':","                    case 'TEXTAREA':","                        element.value = '';","                        break;","                    default:","                        element.textContent = '';","                    }","                });","            }","            switch (event && event.currentTarget && event.currentTarget.id) {","            case 'testRunButton1':","                // show tests","                if (document.querySelector('#testReportDiv1').style.display === 'none') {","                    document.querySelector('#testReportDiv1').style.display = 'block';","                    document.querySelector('#testRunButton1').textContent =","                        'hide internal test';","                    local.modeTest = true;","                    local.testRunDefault(local);","                // hide tests","                } else {","                    document.querySelector('#testReportDiv1').style.display = 'none';","                    document.querySelector('#testRunButton1').textContent = 'run internal test';","                }","                break;","            // custom-case","            default:","                break;","            }","            if (document.querySelector('#inputTextareaEval1') && (!event || (event &&","                    event.currentTarget &&","                    event.currentTarget.className &&","                    event.currentTarget.className.includes &&","                    event.currentTarget.className.includes('oneval')))) {","                // try to eval input-code","                try {","                    /*jslint evil: true*/","                    eval(document.querySelector('#inputTextareaEval1').value);","                } catch (errorCaught) {","                    console.error(errorCaught);","                }","            }","        };","        // log stderr and stdout to #outputTextareaStdout1","        ['error', 'log'].forEach(function (key) {","            console[key + '_original'] = console[key];","            console[key] = function () {","                var element;","                console[key + '_original'].apply(console, arguments);","                element = document.querySelector('#outputTextareaStdout1');","                if (!element) {","                    return;","                }","                // append text to #outputTextareaStdout1","                element.value += Array.from(arguments).map(function (arg) {","                    return typeof arg === 'string'","                        ? arg","                        : JSON.stringify(arg, null, 4);","                }).join(' ') + '\\n';","                // scroll textarea to bottom","                element.scrollTop = element.scrollHeight;","            };","        });","        // init event-handling","        ['change', 'click', 'keyup'].forEach(function (event) {","            Array.from(document.querySelectorAll('.on' + event)).forEach(function (element) {","                element.addEventListener(event, local.testRunBrowser);","            });","        });","        // run tests","        local.testRunBrowser();","        break;","","","","    // run node js-env code - init-after","    /* istanbul ignore next */","    case 'node':","        // export local","        module.exports = local;","        // require modules","        local.fs = require('fs');","        local.http = require('http');","        local.url = require('url');","        // init assets","        local.assetsDict = local.assetsDict || {};","        /* jslint-ignore-begin */","        local.assetsDict['/assets.index.template.html'] = '\\","<!doctype html>\\n\\","<html lang=\"en\">\\n\\","<head>\\n\\","<meta charset=\"UTF-8\">\\n\\","<meta name=\"viewport\" content=\"width=device-width, initial-scale=1\">\\n\\","<title>{{env.npm_package_name}} (v{{env.npm_package_version}})</title>\\n\\","<style>\\n\\","/*csslint\\n\\","    box-sizing: false,\\n\\","    universal-selector: false\\n\\","*/\\n\\","* {\\n\\","    box-sizing: border-box;\\n\\","}\\n\\","body {\\n\\","    background: #dde;\\n\\","    font-family: Arial, Helvetica, sans-serif;\\n\\","    margin: 2rem;\\n\\","}\\n\\","body > * {\\n\\","    margin-bottom: 1rem;\\n\\","}\\n\\",".utility2FooterDiv {\\n\\","    margin-top: 20px;\\n\\","    text-align: center;\\n\\","}\\n\\","</style>\\n\\","<style>\\n\\","/*csslint\\n\\","*/\\n\\","textarea {\\n\\","    font-family: monospace;\\n\\","    height: 10rem;\\n\\","    width: 100%;\\n\\","}\\n\\","textarea[readonly] {\\n\\","    background: #ddd;\\n\\","}\\n\\","</style>\\n\\","</head>\\n\\","<body>\\n\\","<!-- utility2-comment\\n\\","<div id=\"ajaxProgressDiv1\" style=\"background: #d00; height: 2px; left: 0; margin: 0; padding: 0; position: fixed; top: 0; transition: background 0.5s, width 1.5s; width: 25%;\"></div>\\n\\","utility2-comment -->\\n\\","<h1>\\n\\","<!-- utility2-comment\\n\\","    <a\\n\\","        {{#if env.npm_package_homepage}}\\n\\","        href=\"{{env.npm_package_homepage}}\"\\n\\","        {{/if env.npm_package_homepage}}\\n\\","        target=\"_blank\"\\n\\","    >\\n\\","utility2-comment -->\\n\\","        {{env.npm_package_name}} (v{{env.npm_package_version}})\\n\\","<!-- utility2-comment\\n\\","    </a>\\n\\","utility2-comment -->\\n\\","</h1>\\n\\","<h3>{{env.npm_package_description}}</h3>\\n\\","<!-- utility2-comment\\n\\","<h4><a download href=\"assets.app.js\">download standalone app</a></h4>\\n\\","<button class=\"onclick onreset\" id=\"testRunButton1\">run internal test</button><br>\\n\\","<div id=\"testReportDiv1\" style=\"display: none;\"></div>\\n\\","utility2-comment -->\\n\\","\\n\\","\\n\\","\\n\\","<label>stderr and stdout</label>\\n\\","<textarea class=\"resettable\" id=\"outputTextareaStdout1\" readonly></textarea>\\n\\","<!-- utility2-comment\\n\\","{{#if isRollup}}\\n\\","<script src=\"assets.app.js\"></script>\\n\\","{{#unless isRollup}}\\n\\","utility2-comment -->\\n\\","<script src=\"assets.utility2.rollup.js\"></script>\\n\\","<script src=\"jsonp.utility2._stateInit?callback=window.utility2._stateInit\"></script>\\n\\","<script src=\"assets.npmtest_angular_formly.rollup.js\"></script>\\n\\","<script src=\"assets.example.js\"></script>\\n\\","<script src=\"assets.test.js\"></script>\\n\\","<!-- utility2-comment\\n\\","{{/if isRollup}}\\n\\","utility2-comment -->\\n\\","<div class=\"utility2FooterDiv\">\\n\\","    [ this app was created with\\n\\","    <a href=\"https://github.com/kaizhu256/node-utility2\" target=\"_blank\">utility2</a>\\n\\","    ]\\n\\","</div>\\n\\","</body>\\n\\","</html>\\n\\","';","        /* jslint-ignore-end */","        if (local.templateRender) {","            local.assetsDict['/'] = local.templateRender(","                local.assetsDict['/assets.index.template.html'],","                {","                    env: local.objectSetDefault(local.env, {","                        npm_package_description: 'the greatest app in the world!',","                        npm_package_name: 'my-app',","                        npm_package_nameAlias: 'my_app',","                        npm_package_version: '0.0.1'","                    })","                }","            );","        } else {","            local.assetsDict['/'] = local.assetsDict['/assets.index.template.html']","                .replace((/\\{\\{env\\.(\\w+?)\\}\\}/g), function (match0, match1) {","                    // jslint-hack","                    String(match0);","                    switch (match1) {","                    case 'npm_package_description':","                        return 'the greatest app in the world!';","                    case 'npm_package_name':","                        return 'my-app';","                    case 'npm_package_nameAlias':","                        return 'my_app';","                    case 'npm_package_version':","                        return '0.0.1';","                    }","                });","        }","        // run the cli","        if (local.global.utility2_rollup || module !== require.main) {","            break;","        }","        local.assetsDict['/assets.example.js'] =","            local.assetsDict['/assets.example.js'] ||","            local.fs.readFileSync(__filename, 'utf8');","        // bug-workaround - long $npm_package_buildCustomOrg","        /* jslint-ignore-begin */","        local.assetsDict['/assets.npmtest_angular_formly.rollup.js'] =","            local.assetsDict['/assets.npmtest_angular_formly.rollup.js'] ||","            local.fs.readFileSync(","                local.npmtest_angular_formly.__dirname + '/lib.npmtest_angular_formly.js',","                'utf8'","            ).replace((/^#!/), '//');","        /* jslint-ignore-end */","        local.assetsDict['/favicon.ico'] = local.assetsDict['/favicon.ico'] || '';","        // if $npm_config_timeout_exit exists,","        // then exit this process after $npm_config_timeout_exit ms","        if (Number(process.env.npm_config_timeout_exit)) {","            setTimeout(process.exit, Number(process.env.npm_config_timeout_exit));","        }","        // start server","        if (local.global.utility2_serverHttp1) {","            break;","        }","        process.env.PORT = process.env.PORT || '8081';","        console.error('server starting on port ' + process.env.PORT);","        local.http.createServer(function (request, response) {","            request.urlParsed = local.url.parse(request.url);","            if (local.assetsDict[request.urlParsed.pathname] !== undefined) {","                response.end(local.assetsDict[request.urlParsed.pathname]);","                return;","            }","            response.statusCode = 404;","            response.end();","        }).listen(process.env.PORT);","        break;","    }","}());",""],"l":{"26":2,"28":2,"33":2,"35":2,"37":2,"38":2,"39":2,"44":1,"51":2,"55":2,"59":2,"61":2,"69":1,"70":2,"76":2,"79":2,"82":2,"83":2,"85":1,"89":2,"92":1,"93":1,"94":1,"96":1,"97":1,"100":1,"101":1,"103":1,"106":1,"108":2,"114":1,"116":1,"118":1,"123":1,"124":2,"125":2,"126":3,"127":3,"128":3,"129":3,"130":1,"133":3,"134":3,"139":3,"143":1,"144":3,"145":1,"149":1,"150":1,"158":1,"160":1,"161":1,"162":1,"164":1,"166":1,"258":1,"259":1,"271":1,"274":6,"275":6,"277":1,"279":2,"281":1,"283":2,"288":1,"289":1,"291":1,"296":1,"303":1,"306":1,"307":1,"310":1,"311":1,"313":1,"314":1,"315":1,"316":1,"317":1,"318":1,"319":1,"321":1,"322":1,"324":1}},"/home/travis/build/npmtest/node-npmtest-angular-formly/node_modules/angular-formly/dist/formly.js":{"path":"/home/travis/build/npmtest/node-npmtest-angular-formly/node_modules/angular-formly/dist/formly.js","s":{"1":2,"2":2,"3":2,"4":0,"5":0,"6":0,"7":0,"8":0,"9":0,"10":0,"11":1,"12":0,"13":0,"14":0,"15":0,"16":0,"17":0,"18":0,"19":0,"20":0,"21":0,"22":0,"23":1,"24":0,"25":0,"26":0,"27":0,"28":0,"29":0,"30":1,"31":0,"32":0,"33":0,"34":0,"35":0,"36":0,"37":0,"38":0,"39":0,"40":0,"41":0,"42":0,"43":0,"44":0,"45":0,"46":0,"47":0,"48":0,"49":0,"50":0,"51":0,"52":0,"53":0,"54":0,"55":0,"56":0,"57":0,"58":0,"59":0,"60":0,"61":0,"62":0,"63":0,"64":0,"65":0,"66":0,"67":0,"68":0,"69":0,"70":0,"71":0,"72":0,"73":0,"74":0,"75":0,"76":0,"77":0,"78":0,"79":0,"80":0,"81":0,"82":0,"83":0,"84":0,"85":0,"86":0,"87":0,"88":0,"89":1,"90":0,"91":0,"92":0,"93":0,"94":0,"95":0,"96":1,"97":0,"98":0,"99":0,"100":1,"101":0,"102":0,"103":0,"104":0,"105":0,"106":0,"107":0,"108":0,"109":0,"110":0,"111":0,"112":0,"113":0,"114":0,"115":0,"116":0,"117":0,"118":0,"119":0,"120":0,"121":0,"122":0,"123":0,"124":0,"125":0,"126":0,"127":0,"128":0,"129":0,"130":0,"131":0,"132":0,"133":0,"134":0,"135":0,"136":0,"137":1,"138":0,"139":0,"140":0,"141":0,"142":1,"143":0,"144":0,"145":0,"146":1,"147":0,"148":0,"149":0,"150":0,"151":0,"152":1,"153":0,"154":0,"155":0,"156":0,"157":1,"158":0,"159":0,"160":0,"161":0,"162":1,"163":0,"164":1,"165":0,"166":0,"167":0,"168":0,"169":0,"170":0,"171":1,"172":0,"173":1,"174":0,"175":0,"176":0,"177":0,"178":0,"179":0,"180":0,"181":0,"182":0,"183":0,"184":1,"185":0,"186":0,"187":0,"188":0,"189":0,"190":0,"191":0,"192":0,"193":1,"194":0,"195":0,"196":0,"197":0,"198":0,"199":0,"200":0,"201":0,"202":0,"203":0,"204":0,"205":0,"206":0,"207":0,"208":0,"209":1,"210":0,"211":0,"212":0,"213":0,"214":1,"215":0,"216":0,"217":0,"218":0,"219":0,"220":0,"221":1,"222":0,"223":0,"224":0,"225":0,"226":1,"227":0,"228":0,"229":0,"230":0,"231":0,"232":0,"233":0,"234":0,"235":0,"236":0,"237":1,"238":0,"239":0,"240":0,"241":0,"242":0,"243":0,"244":0,"245":0,"246":0,"247":1,"248":0,"249":0,"250":0,"251":0,"252":0,"253":0,"254":0,"255":0,"256":0,"257":0,"258":0,"259":0,"260":0,"261":0,"262":0,"263":0,"264":0,"265":0,"266":0,"267":0,"268":0,"269":1,"270":0,"271":0,"272":0,"273":0,"274":0,"275":0,"276":1,"277":0,"278":1,"279":0,"280":0,"281":0,"282":0,"283":0,"284":0,"285":0,"286":0,"287":0,"288":0,"289":1,"290":0,"291":0,"292":0,"293":0,"294":0,"295":0,"296":0,"297":0,"298":0,"299":0,"300":0,"301":0,"302":0,"303":0,"304":0,"305":0,"306":0,"307":0,"308":0,"309":1,"310":0,"311":0,"312":0,"313":0,"314":0,"315":1,"316":0,"317":1,"318":0,"319":0,"320":0,"321":0,"322":0,"323":0,"324":0,"325":1,"326":0,"327":0,"328":0,"329":1,"330":0,"331":0,"332":1,"333":0,"334":1,"335":0,"336":0,"337":0,"338":0,"339":0,"340":0,"341":1,"342":0,"343":0,"344":0,"345":1,"346":0,"347":0,"348":0,"349":0,"350":0,"351":0,"352":0,"353":0,"354":1,"355":0,"356":0,"357":0,"358":0,"359":0,"360":0,"361":0,"362":0,"363":1,"364":0,"365":0,"366":0,"367":0,"368":1,"369":0,"370":1,"371":0,"372":0,"373":0,"374":1,"375":0,"376":0,"377":0,"378":1,"379":0,"380":0,"381":0,"382":0,"383":0,"384":0,"385":0,"386":0,"387":1,"388":0,"389":0,"390":0,"391":0,"392":0,"393":0,"394":0,"395":0,"396":0,"397":1,"398":0,"399":1,"400":0,"401":0,"402":0,"403":0,"404":0,"405":0,"406":0,"407":0,"408":0,"409":1,"410":0,"411":0,"412":0,"413":0,"414":0,"415":1,"416":0,"417":0,"418":0,"419":0,"420":0,"421":0,"422":1,"423":0,"424":0,"425":0,"426":0,"427":0,"428":0,"429":0,"430":0,"431":0,"432":0,"433":0,"434":1,"435":0,"436":0,"437":0,"438":1,"439":0,"440":0,"441":0,"442":0,"443":0,"444":0,"445":1,"446":0,"447":0,"448":1,"449":0,"450":1,"451":0,"452":0,"453":1,"454":0,"455":0,"456":0,"457":0,"458":0,"459":0,"460":1,"461":0,"462":0,"463":0,"464":0,"465":1,"466":0,"467":0,"468":0,"469":0,"470":1,"471":0,"472":0,"473":0,"474":0,"475":0,"476":0,"477":1,"478":0,"479":0,"480":0,"481":0,"482":0,"483":0,"484":0,"485":0,"486":0,"487":0,"488":1,"489":0,"490":0,"491":0,"492":0,"493":1,"494":0,"495":0,"496":0,"497":0,"498":0,"499":0,"500":0,"501":0,"502":0,"503":1,"504":0,"505":0,"506":0,"507":0,"508":0,"509":1,"510":0,"511":0,"512":0,"513":0,"514":1,"515":0,"516":0,"517":0,"518":1,"519":0,"520":0,"521":0,"522":0,"523":0,"524":0,"525":0,"526":0,"527":0,"528":0,"529":0,"530":0,"531":0,"532":0,"533":0,"534":0,"535":0,"536":0,"537":0,"538":0,"539":0,"540":1,"541":0,"542":1,"543":0,"544":0,"545":0,"546":0,"547":0,"548":0,"549":0,"550":0,"551":0,"552":0,"553":1,"554":0,"555":0,"556":0,"557":1,"558":0,"559":0,"560":0,"561":0,"562":0,"563":0,"564":0,"565":0,"566":0,"567":0,"568":0,"569":0,"570":0,"571":0,"572":0,"573":1,"574":0,"575":0,"576":0,"577":0,"578":0,"579":0,"580":0,"581":0,"582":0,"583":0,"584":0,"585":0,"586":0,"587":1,"588":0,"589":0,"590":0,"591":0,"592":0,"593":0,"594":0,"595":0,"596":0,"597":1,"598":0,"599":0,"600":0,"601":0,"602":0,"603":1,"604":0,"605":1,"606":0,"607":1,"608":0,"609":0,"610":0,"611":0,"612":0,"613":0,"614":0,"615":1,"616":0,"617":0,"618":0,"619":0,"620":0,"621":0,"622":0,"623":0,"624":0,"625":1,"626":0,"627":0,"628":0,"629":0,"630":0,"631":1,"632":0,"633":0,"634":0,"635":1,"636":0,"637":0,"638":0,"639":0,"640":0,"641":0,"642":0,"643":1,"644":0,"645":0,"646":1,"647":0,"648":1,"649":0,"650":0,"651":0,"652":0,"653":0,"654":1,"655":0,"656":0,"657":0,"658":0,"659":1,"660":0,"661":0,"662":1,"663":0,"664":0,"665":0,"666":0,"667":0,"668":0,"669":0,"670":0,"671":0,"672":1,"673":0,"674":0,"675":0,"676":0,"677":0,"678":0,"679":0,"680":1,"681":0,"682":1,"683":0,"684":0,"685":0,"686":0,"687":0,"688":1,"689":0,"690":0,"691":0,"692":0,"693":0,"694":1,"695":0,"696":0,"697":0,"698":1,"699":0,"700":0,"701":0,"702":0,"703":0,"704":0,"705":0,"706":0,"707":0,"708":0,"709":0,"710":0,"711":0,"712":0,"713":0,"714":1,"715":0,"716":0,"717":0,"718":0,"719":0,"720":0,"721":0,"722":0,"723":0,"724":0,"725":0,"726":1,"727":0,"728":0,"729":1,"730":0,"731":0,"732":0,"733":0,"734":1,"735":0,"736":0,"737":0,"738":1,"739":0,"740":0,"741":0,"742":0,"743":0,"744":0,"745":0,"746":0,"747":0,"748":1,"749":0,"750":0,"751":0,"752":0,"753":0,"754":1,"755":0,"756":0,"757":0,"758":0,"759":0,"760":0,"761":0,"762":0,"763":0,"764":0,"765":0,"766":0,"767":1,"768":0,"769":0,"770":0,"771":0,"772":0,"773":0,"774":0,"775":0,"776":0,"777":0,"778":0,"779":0,"780":0,"781":0,"782":0,"783":0,"784":0,"785":1,"786":0,"787":1,"788":0,"789":0,"790":0,"791":0,"792":0,"793":0,"794":0,"795":0,"796":0,"797":0,"798":0,"799":0,"800":0,"801":1,"802":0,"803":0,"804":0,"805":0,"806":0,"807":0,"808":0,"809":0,"810":0,"811":0,"812":0,"813":0,"814":0,"815":0,"816":1,"817":0,"818":0,"819":0,"820":0,"821":0,"822":0,"823":0,"824":0,"825":0,"826":0,"827":1,"828":0,"829":0,"830":0,"831":0,"832":0,"833":1,"834":0,"835":0,"836":1,"837":0,"838":0,"839":1,"840":0,"841":0,"842":0,"843":0,"844":1,"845":0,"846":0,"847":0,"848":0,"849":0,"850":0,"851":0,"852":1,"853":0,"854":0,"855":1,"856":0,"857":1,"858":0,"859":0,"860":0,"861":0,"862":0,"863":0,"864":1,"865":0,"866":0,"867":0,"868":0,"869":0,"870":0,"871":0,"872":1,"873":1,"874":0,"875":0,"876":0,"877":0,"878":0,"879":0,"880":0,"881":0,"882":0,"883":0,"884":1,"885":0,"886":0,"887":0,"888":0,"889":0,"890":0,"891":0,"892":0,"893":0,"894":0,"895":0,"896":0,"897":0,"898":0,"899":1,"900":0,"901":0,"902":0,"903":0,"904":0,"905":0,"906":0,"907":0,"908":0,"909":0,"910":0,"911":0,"912":0,"913":0,"914":0,"915":0,"916":0,"917":1,"918":0,"919":0,"920":0,"921":0,"922":0,"923":0,"924":0,"925":1,"926":0,"927":0,"928":0,"929":0,"930":0,"931":0,"932":0,"933":0,"934":0,"935":0,"936":0,"937":0,"938":0,"939":0,"940":0,"941":0,"942":0,"943":1,"944":0,"945":0,"946":0,"947":0,"948":0,"949":0,"950":1,"951":0,"952":1,"953":0,"954":0,"955":0,"956":0,"957":0,"958":0,"959":0,"960":0,"961":1,"962":0,"963":0,"964":0,"965":0,"966":0,"967":0,"968":0,"969":0,"970":0,"971":0,"972":0,"973":1,"974":0,"975":1,"976":0,"977":0,"978":0,"979":0,"980":0,"981":1,"982":0,"983":0,"984":0,"985":0,"986":0,"987":0,"988":0,"989":0,"990":0,"991":0,"992":0,"993":0,"994":0,"995":0,"996":0,"997":0,"998":0,"999":1,"1000":0,"1001":0,"1002":0,"1003":0,"1004":1,"1005":0,"1006":0,"1007":1,"1008":0,"1009":0,"1010":0,"1011":0,"1012":0,"1013":0,"1014":0,"1015":1,"1016":0,"1017":1,"1018":0,"1019":1,"1020":0,"1021":1,"1022":0,"1023":0,"1024":0,"1025":1,"1026":0,"1027":0,"1028":0,"1029":0,"1030":0,"1031":0,"1032":0,"1033":1,"1034":0,"1035":1,"1036":0,"1037":0,"1038":0,"1039":0,"1040":0,"1041":0,"1042":0,"1043":0,"1044":1,"1045":0,"1046":0,"1047":1,"1048":0,"1049":0,"1050":0,"1051":0,"1052":0,"1053":0,"1054":0,"1055":0,"1056":0,"1057":0,"1058":0,"1059":0,"1060":0,"1061":0,"1062":0,"1063":1,"1064":0,"1065":0,"1066":0,"1067":0,"1068":0,"1069":0,"1070":0,"1071":0,"1072":1,"1073":0,"1074":0,"1075":0,"1076":0,"1077":0,"1078":0,"1079":0,"1080":0,"1081":0,"1082":1,"1083":0,"1084":1,"1085":0,"1086":0,"1087":0,"1088":0,"1089":0,"1090":0,"1091":0,"1092":1,"1093":0,"1094":1,"1095":0,"1096":0,"1097":0,"1098":0,"1099":0,"1100":0,"1101":0,"1102":0,"1103":0,"1104":1,"1105":0,"1106":1,"1107":0,"1108":0,"1109":0,"1110":0,"1111":0,"1112":1,"1113":0,"1114":0,"1115":0,"1116":0,"1117":0,"1118":0,"1119":0,"1120":0,"1121":0,"1122":0,"1123":1,"1124":0,"1125":0,"1126":0,"1127":0,"1128":0,"1129":0,"1130":0,"1131":0,"1132":0,"1133":0,"1134":0,"1135":0,"1136":0,"1137":0,"1138":0,"1139":1,"1140":0,"1141":0,"1142":0,"1143":0,"1144":1,"1145":0,"1146":0,"1147":0,"1148":0,"1149":1,"1150":0,"1151":0,"1152":0,"1153":0,"1154":1,"1155":0,"1156":0,"1157":0,"1158":0,"1159":0,"1160":1,"1161":0,"1162":0,"1163":0,"1164":0,"1165":0,"1166":0,"1167":0,"1168":0,"1169":0,"1170":0,"1171":1,"1172":0,"1173":0,"1174":0,"1175":0,"1176":0,"1177":0,"1178":0,"1179":1,"1180":0,"1181":0,"1182":0,"1183":0,"1184":0,"1185":0,"1186":0,"1187":0,"1188":0,"1189":0,"1190":1,"1191":0,"1192":0,"1193":0,"1194":0,"1195":0,"1196":1,"1197":0,"1198":0,"1199":1,"1200":0,"1201":0,"1202":1,"1203":0,"1204":0,"1205":0,"1206":0,"1207":0,"1208":0,"1209":0,"1210":0,"1211":0,"1212":0,"1213":0,"1214":0,"1215":1,"1216":0,"1217":0,"1218":0,"1219":0,"1220":0,"1221":0,"1222":0,"1223":0,"1224":0,"1225":0,"1226":0,"1227":0,"1228":0,"1229":0,"1230":0,"1231":1,"1232":0,"1233":0,"1234":0,"1235":0,"1236":0,"1237":0,"1238":0,"1239":0,"1240":0,"1241":0,"1242":0,"1243":0,"1244":0,"1245":0,"1246":1,"1247":0,"1248":0,"1249":0,"1250":1,"1251":0,"1252":0,"1253":0,"1254":1,"1255":0,"1256":0,"1257":0,"1258":0,"1259":1,"1260":0,"1261":0,"1262":0,"1263":0,"1264":0,"1265":1,"1266":0,"1267":0,"1268":0,"1269":1,"1270":0,"1271":0,"1272":0,"1273":0,"1274":0,"1275":0,"1276":0,"1277":0,"1278":0,"1279":0,"1280":0,"1281":0,"1282":0,"1283":0,"1284":0,"1285":0,"1286":1,"1287":0,"1288":0,"1289":1,"1290":0,"1291":0,"1292":1,"1293":0,"1294":0,"1295":0,"1296":0,"1297":1,"1298":0,"1299":0,"1300":0,"1301":0,"1302":0,"1303":0,"1304":0,"1305":0,"1306":0,"1307":0,"1308":0,"1309":0,"1310":0,"1311":0,"1312":0,"1313":0,"1314":0,"1315":0,"1316":0,"1317":0,"1318":0,"1319":0,"1320":0,"1321":0,"1322":0,"1323":0,"1324":0,"1325":0,"1326":0,"1327":0,"1328":0,"1329":0,"1330":0,"1331":0,"1332":0,"1333":0,"1334":0,"1335":0,"1336":0,"1337":0,"1338":0,"1339":1,"1340":0,"1341":0,"1342":1,"1343":0,"1344":0,"1345":0,"1346":0,"1347":0,"1348":0,"1349":1,"1350":0,"1351":0,"1352":0,"1353":0,"1354":0,"1355":0,"1356":0,"1357":0,"1358":0,"1359":1,"1360":0,"1361":0,"1362":0,"1363":1,"1364":0,"1365":0,"1366":0,"1367":0,"1368":0,"1369":0,"1370":0,"1371":0,"1372":0,"1373":0,"1374":0,"1375":0,"1376":0,"1377":0,"1378":0,"1379":0,"1380":0,"1381":0,"1382":0,"1383":0,"1384":0,"1385":1,"1386":0,"1387":1,"1388":0,"1389":0,"1390":0,"1391":1,"1392":0,"1393":0,"1394":1,"1395":0,"1396":0,"1397":0,"1398":0,"1399":1,"1400":0,"1401":0,"1402":0,"1403":0,"1404":1,"1405":0,"1406":0,"1407":0,"1408":0,"1409":0,"1410":0,"1411":0},"b":{"1":[2,0],"2":[2,2],"3":[0,0],"4":[0,0],"5":[0,0],"6":[0,0],"7":[0,0],"8":[0,0],"9":[0,0],"10":[0,0],"11":[0,0],"12":[0,0],"13":[0,0],"14":[0,0],"15":[0,0],"16":[0,0],"17":[0,0],"18":[0,0],"19":[0,0],"20":[0,0],"21":[0,0],"22":[0,0],"23":[0,0],"24":[0,0],"25":[0,0],"26":[0,0],"27":[0,0],"28":[0,0],"29":[0,0],"30":[0,0],"31":[0,0],"32":[0,0],"33":[0,0],"34":[0,0],"35":[0,0],"36":[0,0],"37":[0,0],"38":[0,0],"39":[0,0],"40":[0,0],"41":[0,0],"42":[0,0],"43":[0,0],"44":[0,0],"45":[0,0],"46":[0,0],"47":[0,0],"48":[0,0],"49":[0,0],"50":[0,0],"51":[0,0],"52":[0,0],"53":[0,0],"54":[0,0],"55":[0,0],"56":[0,0,0,0],"57":[0,0],"58":[0,0],"59":[0,0],"60":[0,0],"61":[0,0],"62":[0,0],"63":[0,0],"64":[0,0],"65":[0,0],"66":[0,0],"67":[0,0],"68":[0,0],"69":[0,0],"70":[0,0],"71":[0,0],"72":[0,0,0],"73":[0,0],"74":[0,0],"75":[0,0],"76":[0,0],"77":[0,0],"78":[0,0],"79":[0,0],"80":[0,0],"81":[0,0],"82":[0,0],"83":[0,0],"84":[0,0,0],"85":[0,0],"86":[0,0],"87":[0,0],"88":[0,0],"89":[0,0],"90":[0,0],"91":[0,0],"92":[0,0],"93":[0,0],"94":[0,0],"95":[0,0],"96":[0,0],"97":[0,0],"98":[0,0],"99":[0,0],"100":[0,0],"101":[0,0],"102":[0,0],"103":[0,0],"104":[0,0],"105":[0,0],"106":[0,0],"107":[0,0],"108":[0,0],"109":[0,0],"110":[0,0],"111":[0,0],"112":[0,0],"113":[0,0],"114":[0,0],"115":[0,0],"116":[0,0],"117":[0,0],"118":[0,0],"119":[0,0],"120":[0,0],"121":[0,0],"122":[0,0],"123":[0,0],"124":[0,0],"125":[0,0],"126":[0,0],"127":[0,0],"128":[0,0],"129":[0,0],"130":[0,0],"131":[0,0],"132":[0,0],"133":[0,0],"134":[0,0],"135":[0,0],"136":[0,0,0],"137":[0,0],"138":[0,0],"139":[0,0],"140":[0,0],"141":[0,0],"142":[0,0,0],"143":[0,0],"144":[0,0],"145":[0,0],"146":[0,0,0],"147":[0,0],"148":[0,0],"149":[0,0],"150":[0,0],"151":[0,0],"152":[0,0],"153":[0,0],"154":[0,0,0],"155":[0,0],"156":[0,0],"157":[0,0],"158":[0,0],"159":[0,0],"160":[0,0],"161":[0,0],"162":[0,0],"163":[0,0],"164":[0,0],"165":[0,0],"166":[0,0],"167":[0,0],"168":[0,0],"169":[0,0],"170":[0,0],"171":[0,0],"172":[0,0],"173":[0,0],"174":[0,0],"175":[0,0],"176":[0,0],"177":[0,0],"178":[0,0],"179":[0,0],"180":[0,0],"181":[0,0],"182":[0,0],"183":[0,0],"184":[0,0],"185":[0,0],"186":[0,0],"187":[0,0],"188":[0,0],"189":[0,0],"190":[0,0],"191":[0,0],"192":[0,0],"193":[0,0],"194":[0,0],"195":[0,0],"196":[0,0],"197":[0,0],"198":[0,0],"199":[0,0],"200":[0,0],"201":[0,0],"202":[0,0],"203":[0,0],"204":[0,0],"205":[0,0],"206":[0,0],"207":[0,0],"208":[0,0],"209":[0,0],"210":[0,0],"211":[0,0],"212":[0,0],"213":[0,0],"214":[0,0],"215":[0,0],"216":[0,0],"217":[0,0],"218":[0,0],"219":[0,0],"220":[0,0],"221":[0,0],"222":[0,0],"223":[0,0],"224":[0,0],"225":[0,0],"226":[0,0],"227":[0,0],"228":[0,0],"229":[0,0],"230":[0,0],"231":[0,0],"232":[0,0,0],"233":[0,0],"234":[0,0],"235":[0,0],"236":[0,0,0],"237":[0,0],"238":[0,0],"239":[0,0],"240":[0,0],"241":[0,0],"242":[0,0],"243":[0,0],"244":[0,0],"245":[0,0],"246":[0,0],"247":[0,0],"248":[0,0,0],"249":[0,0],"250":[0,0],"251":[0,0],"252":[0,0],"253":[0,0],"254":[0,0],"255":[0,0],"256":[0,0],"257":[0,0],"258":[0,0],"259":[0,0],"260":[0,0],"261":[0,0],"262":[0,0],"263":[0,0,0],"264":[0,0],"265":[0,0],"266":[0,0],"267":[0,0],"268":[0,0],"269":[0,0],"270":[0,0],"271":[0,0],"272":[0,0],"273":[0,0],"274":[0,0],"275":[0,0],"276":[0,0],"277":[0,0],"278":[0,0,0],"279":[0,0],"280":[0,0],"281":[0,0],"282":[0,0],"283":[0,0],"284":[0,0],"285":[0,0],"286":[0,0],"287":[0,0],"288":[0,0],"289":[0,0],"290":[0,0],"291":[0,0],"292":[0,0],"293":[0,0],"294":[0,0],"295":[0,0],"296":[0,0],"297":[0,0],"298":[0,0],"299":[0,0,0,0],"300":[0,0],"301":[0,0],"302":[0,0],"303":[0,0],"304":[0,0],"305":[0,0],"306":[0,0,0],"307":[0,0],"308":[0,0],"309":[0,0],"310":[0,0],"311":[0,0],"312":[0,0],"313":[0,0],"314":[0,0],"315":[0,0],"316":[0,0],"317":[0,0],"318":[0,0],"319":[0,0],"320":[0,0],"321":[0,0],"322":[0,0],"323":[0,0],"324":[0,0],"325":[0,0],"326":[0,0],"327":[0,0],"328":[0,0],"329":[0,0],"330":[0,0],"331":[0,0],"332":[0,0],"333":[0,0],"334":[0,0],"335":[0,0],"336":[0,0],"337":[0,0],"338":[0,0],"339":[0,0],"340":[0,0],"341":[0,0],"342":[0,0],"343":[0,0],"344":[0,0],"345":[0,0],"346":[0,0],"347":[0,0,0],"348":[0,0],"349":[0,0],"350":[0,0],"351":[0,0],"352":[0,0],"353":[0,0,0],"354":[0,0],"355":[0,0],"356":[0,0],"357":[0,0],"358":[0,0],"359":[0,0],"360":[0,0],"361":[0,0],"362":[0,0],"363":[0,0,0],"364":[0,0],"365":[0,0,0],"366":[0,0],"367":[0,0],"368":[0,0],"369":[0,0]},"f":{"1":2,"2":0,"3":0,"4":0,"5":0,"6":0,"7":0,"8":0,"9":0,"10":0,"11":0,"12":0,"13":0,"14":0,"15":0,"16":0,"17":0,"18":0,"19":0,"20":0,"21":0,"22":0,"23":0,"24":0,"25":0,"26":0,"27":0,"28":0,"29":0,"30":0,"31":0,"32":0,"33":0,"34":0,"35":0,"36":0,"37":0,"38":0,"39":0,"40":0,"41":0,"42":0,"43":0,"44":0,"45":0,"46":0,"47":0,"48":0,"49":0,"50":0,"51":0,"52":0,"53":0,"54":0,"55":0,"56":0,"57":0,"58":0,"59":0,"60":0,"61":0,"62":0,"63":0,"64":0,"65":0,"66":0,"67":0,"68":0,"69":0,"70":0,"71":0,"72":0,"73":0,"74":0,"75":0,"76":0,"77":0,"78":0,"79":0,"80":0,"81":0,"82":0,"83":0,"84":0,"85":0,"86":0,"87":0,"88":0,"89":0,"90":0,"91":0,"92":0,"93":0,"94":0,"95":0,"96":0,"97":0,"98":0,"99":0,"100":0,"101":0,"102":0,"103":0,"104":0,"105":0,"106":0,"107":0,"108":0,"109":0,"110":0,"111":0,"112":0,"113":0,"114":0,"115":0,"116":0,"117":0,"118":0,"119":0,"120":0,"121":0,"122":0,"123":0,"124":0,"125":0,"126":0,"127":0,"128":0,"129":0,"130":0,"131":0,"132":0,"133":0,"134":0,"135":0,"136":0,"137":0,"138":0,"139":0,"140":0,"141":0,"142":0,"143":0,"144":0,"145":0,"146":0,"147":0,"148":0,"149":0,"150":0,"151":0,"152":0,"153":0,"154":0,"155":0,"156":0,"157":0,"158":0,"159":0,"160":0,"161":0,"162":0,"163":0,"164":0,"165":0,"166":0,"167":0,"168":0,"169":0,"170":0,"171":0,"172":0,"173":0,"174":0,"175":0,"176":0,"177":0,"178":0,"179":0,"180":0,"181":0,"182":0,"183":0,"184":0,"185":0,"186":0,"187":0,"188":0,"189":0,"190":0,"191":0,"192":0,"193":0,"194":0,"195":0,"196":0,"197":0,"198":0,"199":0,"200":0,"201":0,"202":0,"203":0,"204":0,"205":0,"206":0,"207":0,"208":0,"209":0,"210":0,"211":0,"212":0,"213":0,"214":0,"215":0,"216":0,"217":0,"218":0,"219":0,"220":0,"221":0,"222":0,"223":0,"224":0,"225":0,"226":0,"227":0,"228":0,"229":0,"230":0,"231":0,"232":0,"233":0,"234":0,"235":0,"236":0,"237":0,"238":0,"239":0,"240":0,"241":0,"242":0,"243":0,"244":0,"245":0,"246":0,"247":0,"248":0,"249":0,"250":0,"251":0,"252":0,"253":0,"254":0,"255":0,"256":0,"257":0,"258":0,"259":0,"260":0,"261":0,"262":0,"263":0,"264":0,"265":0,"266":0,"267":0,"268":0,"269":0,"270":0,"271":0,"272":0,"273":0,"274":0,"275":0,"276":0,"277":0,"278":0,"279":0,"280":0,"281":0,"282":0,"283":0,"284":0,"285":0,"286":0,"287":0,"288":0,"289":0,"290":0,"291":0,"292":0,"293":0,"294":0,"295":0,"296":0,"297":0,"298":0,"299":0,"300":0,"301":0,"302":0,"303":0,"304":0,"305":0,"306":0,"307":0,"308":0,"309":0,"310":0,"311":0},"fnMap":{"1":{"name":"webpackUniversalModuleDefinition","line":9,"loc":{"start":{"line":9,"column":1},"end":{"line":9,"column":58}}},"2":{"name":"(anonymous_2)","line":18,"loc":{"start":{"line":18,"column":9},"end":{"line":18,"column":80}}},"3":{"name":"(anonymous_3)","line":19,"loc":{"start":{"line":19,"column":17},"end":{"line":19,"column":35}}},"4":{"name":"__webpack_require__","line":24,"loc":{"start":{"line":24,"column":10},"end":{"line":24,"column":49}}},"5":{"name":"(anonymous_5)","line":63,"loc":{"start":{"line":63,"column":6},"end":{"line":63,"column":53}}},"6":{"name":"_interopRequireDefault","line":71,"loc":{"start":{"line":71,"column":1},"end":{"line":71,"column":38}}},"7":{"name":"(anonymous_7)","line":82,"loc":{"start":{"line":82,"column":6},"end":{"line":82,"column":53}}},"8":{"name":"_interopRequireDefault","line":90,"loc":{"start":{"line":90,"column":1},"end":{"line":90,"column":38}}},"9":{"name":"(anonymous_9)","line":181,"loc":{"start":{"line":181,"column":6},"end":{"line":181,"column":53}}},"10":{"name":"(anonymous_10)","line":201,"loc":{"start":{"line":201,"column":6},"end":{"line":201,"column":32}}},"11":{"name":"(anonymous_11)","line":207,"loc":{"start":{"line":207,"column":6},"end":{"line":207,"column":53}}},"12":{"name":"_interopRequireDefault","line":215,"loc":{"start":{"line":215,"column":1},"end":{"line":215,"column":38}}},"13":{"name":"shapeRequiredIfNot","line":232,"loc":{"start":{"line":232,"column":1},"end":{"line":232,"column":54}}},"14":{"name":"shapeRequiredIfNotDefinition","line":238,"loc":{"start":{"line":238,"column":3},"end":{"line":238,"column":72}}},"15":{"name":"(anonymous_15)","line":240,"loc":{"start":{"line":240,"column":43},"end":{"line":240,"column":64}}},"16":{"name":"(anonymous_16)","line":426,"loc":{"start":{"line":426,"column":6},"end":{"line":426,"column":32}}},"17":{"name":"(anonymous_17)","line":432,"loc":{"start":{"line":432,"column":6},"end":{"line":432,"column":53}}},"18":{"name":"(anonymous_18)","line":444,"loc":{"start":{"line":444,"column":6},"end":{"line":444,"column":53}}},"19":{"name":"_interopRequireDefault","line":453,"loc":{"start":{"line":453,"column":1},"end":{"line":453,"column":38}}},"20":{"name":"formlyUsability","line":462,"loc":{"start":{"line":462,"column":1},"end":{"line":462,"column":75}}},"21":{"name":"$get","line":471,"loc":{"start":{"line":471,"column":11},"end":{"line":471,"column":27}}},"22":{"name":"getFieldError","line":476,"loc":{"start":{"line":476,"column":3},"end":{"line":476,"column":57}}},"23":{"name":"getFormlyError","line":485,"loc":{"start":{"line":485,"column":3},"end":{"line":485,"column":51}}},"24":{"name":"getErrorMessage","line":493,"loc":{"start":{"line":493,"column":3},"end":{"line":493,"column":52}}},"25":{"name":"checkWrapper","line":501,"loc":{"start":{"line":501,"column":3},"end":{"line":501,"column":34}}},"26":{"name":"checkWrapperTemplate","line":508,"loc":{"start":{"line":508,"column":3},"end":{"line":508,"column":59}}},"27":{"name":"(anonymous_27)","line":519,"loc":{"start":{"line":519,"column":6},"end":{"line":519,"column":53}}},"28":{"name":"_interopRequireDefault","line":528,"loc":{"start":{"line":528,"column":1},"end":{"line":528,"column":38}}},"29":{"name":"_toConsumableArray","line":530,"loc":{"start":{"line":530,"column":1},"end":{"line":530,"column":34}}},"30":{"name":"formlyConfig","line":543,"loc":{"start":{"line":543,"column":1},"end":{"line":543,"column":97}}},"31":{"name":"$get","line":576,"loc":{"start":{"line":576,"column":11},"end":{"line":576,"column":27}}},"32":{"name":"setType","line":581,"loc":{"start":{"line":581,"column":3},"end":{"line":581,"column":29}}},"33":{"name":"(anonymous_33)","line":583,"loc":{"start":{"line":583,"column":19},"end":{"line":583,"column":31}}},"34":{"name":"(anonymous_34)","line":585,"loc":{"start":{"line":585,"column":50},"end":{"line":585,"column":66}}},"35":{"name":"checkType","line":606,"loc":{"start":{"line":606,"column":3},"end":{"line":606,"column":31}}},"36":{"name":"extendTypeOptions","line":618,"loc":{"start":{"line":618,"column":3},"end":{"line":618,"column":39}}},"37":{"name":"extendTemplate","line":627,"loc":{"start":{"line":627,"column":3},"end":{"line":627,"column":49}}},"38":{"name":"extendTypeControllerFunction","line":635,"loc":{"start":{"line":635,"column":3},"end":{"line":635,"column":63}}},"39":{"name":"(anonymous_39)","line":642,"loc":{"start":{"line":642,"column":28},"end":{"line":642,"column":59}}},"40":{"name":"extendTypeLinkFunction","line":652,"loc":{"start":{"line":652,"column":3},"end":{"line":652,"column":57}}},"41":{"name":"(anonymous_41)","line":659,"loc":{"start":{"line":659,"column":22},"end":{"line":659,"column":34}}},"42":{"name":"extendTypeDefaultOptions","line":668,"loc":{"start":{"line":668,"column":3},"end":{"line":668,"column":59}}},"43":{"name":"defaultOptions","line":677,"loc":{"start":{"line":677,"column":32},"end":{"line":677,"column":69}}},"44":{"name":"defaultOptions","line":689,"loc":{"start":{"line":689,"column":32},"end":{"line":689,"column":69}}},"45":{"name":"getType","line":697,"loc":{"start":{"line":697,"column":3},"end":{"line":697,"column":52}}},"46":{"name":"getTypes","line":709,"loc":{"start":{"line":709,"column":3},"end":{"line":709,"column":23}}},"47":{"name":"getTypeHeritage","line":713,"loc":{"start":{"line":713,"column":3},"end":{"line":713,"column":36}}},"48":{"name":"setWrapper","line":728,"loc":{"start":{"line":728,"column":3},"end":{"line":728,"column":32}}},"49":{"name":"(anonymous_49)","line":737,"loc":{"start":{"line":737,"column":28},"end":{"line":737,"column":54}}},"50":{"name":"getOptionsTypes","line":758,"loc":{"start":{"line":758,"column":3},"end":{"line":758,"column":37}}},"51":{"name":"getOptionsName","line":769,"loc":{"start":{"line":769,"column":3},"end":{"line":769,"column":42}}},"52":{"name":"checkWrapperAPI","line":773,"loc":{"start":{"line":773,"column":3},"end":{"line":773,"column":37}}},"53":{"name":"checkWrapperTypes","line":786,"loc":{"start":{"line":786,"column":3},"end":{"line":786,"column":39}}},"54":{"name":"checkOverwrite","line":793,"loc":{"start":{"line":793,"column":3},"end":{"line":793,"column":67}}},"55":{"name":"getWrapper","line":799,"loc":{"start":{"line":799,"column":3},"end":{"line":799,"column":29}}},"56":{"name":"getWrapperByType","line":803,"loc":{"start":{"line":803,"column":3},"end":{"line":803,"column":35}}},"57":{"name":"removeWrapperByName","line":816,"loc":{"start":{"line":816,"column":3},"end":{"line":816,"column":38}}},"58":{"name":"removeWrappersForType","line":822,"loc":{"start":{"line":822,"column":3},"end":{"line":822,"column":40}}},"59":{"name":"(anonymous_59)","line":830,"loc":{"start":{"line":830,"column":24},"end":{"line":830,"column":43}}},"60":{"name":"warn","line":837,"loc":{"start":{"line":837,"column":3},"end":{"line":837,"column":19}}},"61":{"name":"(anonymous_61)","line":852,"loc":{"start":{"line":852,"column":6},"end":{"line":852,"column":53}}},"62":{"name":"_interopRequireDefault","line":860,"loc":{"start":{"line":860,"column":1},"end":{"line":860,"column":38}}},"63":{"name":"containsSelector","line":871,"loc":{"start":{"line":871,"column":1},"end":{"line":871,"column":35}}},"64":{"name":"containsSpecialChar","line":875,"loc":{"start":{"line":875,"column":1},"end":{"line":875,"column":36}}},"65":{"name":"formlyEval","line":882,"loc":{"start":{"line":882,"column":1},"end":{"line":882,"column":78}}},"66":{"name":"getFieldId","line":890,"loc":{"start":{"line":890,"column":1},"end":{"line":890,"column":45}}},"67":{"name":"reverseDeepMerge","line":904,"loc":{"start":{"line":904,"column":1},"end":{"line":904,"column":33}}},"68":{"name":"(anonymous_68)","line":905,"loc":{"start":{"line":905,"column":46},"end":{"line":905,"column":68}}},"69":{"name":"(anonymous_69)","line":909,"loc":{"start":{"line":909,"column":42},"end":{"line":909,"column":63}}},"70":{"name":"objAndSameType","line":920,"loc":{"start":{"line":920,"column":1},"end":{"line":920,"column":37}}},"71":{"name":"findByNodeName","line":925,"loc":{"start":{"line":925,"column":1},"end":{"line":925,"column":39}}},"72":{"name":"arrayify","line":944,"loc":{"start":{"line":944,"column":1},"end":{"line":944,"column":24}}},"73":{"name":"extendFunction","line":953,"loc":{"start":{"line":953,"column":1},"end":{"line":953,"column":27}}},"74":{"name":"extendedFunction","line":958,"loc":{"start":{"line":958,"column":10},"end":{"line":958,"column":38}}},"75":{"name":"(anonymous_75)","line":960,"loc":{"start":{"line":960,"column":17},"end":{"line":960,"column":31}}},"76":{"name":"extendArray","line":966,"loc":{"start":{"line":966,"column":1},"end":{"line":966,"column":52}}},"77":{"name":"(anonymous_77)","line":972,"loc":{"start":{"line":972,"column":48},"end":{"line":972,"column":64}}},"78":{"name":"startsWith","line":985,"loc":{"start":{"line":985,"column":1},"end":{"line":985,"column":34}}},"79":{"name":"contains","line":993,"loc":{"start":{"line":993,"column":1},"end":{"line":993,"column":32}}},"80":{"name":"(anonymous_80)","line":1004,"loc":{"start":{"line":1004,"column":6},"end":{"line":1004,"column":32}}},"81":{"name":"formlyValidationMessages","line":1014,"loc":{"start":{"line":1014,"column":1},"end":{"line":1014,"column":37}}},"82":{"name":"addTemplateOptionValueMessage","line":1024,"loc":{"start":{"line":1024,"column":3},"end":{"line":1024,"column":81}}},"83":{"name":"addStringMessage","line":1028,"loc":{"start":{"line":1028,"column":3},"end":{"line":1028,"column":43}}},"84":{"name":"(anonymous_84)","line":1029,"loc":{"start":{"line":1029,"column":41},"end":{"line":1029,"column":53}}},"85":{"name":"templateOptionValue","line":1034,"loc":{"start":{"line":1034,"column":3},"end":{"line":1034,"column":65}}},"86":{"name":"getValidationMessage","line":1035,"loc":{"start":{"line":1035,"column":12},"end":{"line":1035,"column":72}}},"87":{"name":"(anonymous_87)","line":1048,"loc":{"start":{"line":1048,"column":6},"end":{"line":1048,"column":53}}},"88":{"name":"_interopRequireDefault","line":1056,"loc":{"start":{"line":1056,"column":1},"end":{"line":1056,"column":38}}},"89":{"name":"formlyUtil","line":1065,"loc":{"start":{"line":1065,"column":1},"end":{"line":1065,"column":23}}},"90":{"name":"(anonymous_90)","line":1072,"loc":{"start":{"line":1072,"column":6},"end":{"line":1072,"column":32}}},"91":{"name":"_toConsumableArray","line":1081,"loc":{"start":{"line":1081,"column":1},"end":{"line":1081,"column":34}}},"92":{"name":"formlyWarn","line":1086,"loc":{"start":{"line":1086,"column":1},"end":{"line":1086,"column":74}}},"93":{"name":"warn","line":1087,"loc":{"start":{"line":1087,"column":10},"end":{"line":1087,"column":26}}},"94":{"name":"(anonymous_94)","line":1101,"loc":{"start":{"line":1101,"column":6},"end":{"line":1101,"column":53}}},"95":{"name":"_interopRequireDefault","line":1110,"loc":{"start":{"line":1110,"column":1},"end":{"line":1110,"column":38}}},"96":{"name":"formlyCustomValidation","line":1119,"loc":{"start":{"line":1119,"column":1},"end":{"line":1119,"column":45}}},"97":{"name":"formlyCustomValidationLink","line":1123,"loc":{"start":{"line":1123,"column":11},"end":{"line":1123,"column":71}}},"98":{"name":"(anonymous_98)","line":1126,"loc":{"start":{"line":1126,"column":65},"end":{"line":1126,"column":89}}},"99":{"name":"(anonymous_99)","line":11
[...]
, val);","\t      });","\t    }","\t  }","","\t  // Utility functions","\t  function getNgModelNodes(node, skip) {","\t    var selectorNot = _angularFix2['default'].isString(skip) ? ':not(' + skip + ')' : '';","\t    var skipNot = ':not([formly-skip-ng-model-attrs-manipulator])';","\t    var query = '[ng-model]' + selectorNot + skipNot + ', [data-ng-model]' + selectorNot + skipNot;","\t    try {","\t      return node.querySelectorAll(query);","\t    } catch (e) {","\t      //this code is needed for IE8, as it does not support the CSS3 ':not' selector","\t      //it should be removed when IE8 support is dropped","\t      return getNgModelNodesFallback(node, skip);","\t    }","\t  }","","\t  function getNgModelNodesFallback(node, skip) {","\t    var allNgModelNodes = node.querySelectorAll('[ng-model], [data-ng-model]');","\t    var matchingNgModelNodes = [];","","\t    //make sure this array is compatible with NodeList type by adding an 'item' function","\t    matchingNgModelNodes.item = function (i) {","\t      return this[i];","\t    };","","\t    for (var i = 0; i < allNgModelNodes.length; i++) {","\t      var ngModelNode = allNgModelNodes[i];","\t      if (!ngModelNode.hasAttribute('formly-skip-ng-model-attrs-manipulator') && !(_angularFix2['default'].isString(skip) && nodeMatches(ngModelNode, skip))) {","\t        matchingNgModelNodes.push(ngModelNode);","\t      }","\t    }","","\t    return matchingNgModelNodes;","\t  }","","\t  function nodeMatches(node, selector) {","\t    var div = document.createElement('div');","\t    div.innerHTML = node.outerHTML;","\t    return div.querySelector(selector);","\t  }","","\t  function getBuiltInAttributes() {","\t    var ngModelAttributes = {","\t      focus: {","\t        attribute: 'formly-focus'","\t      }","\t    };","\t    var boundOnly = [];","\t    var bothBooleanAndBound = ['required', 'disabled'];","\t    var bothAttributeAndBound = ['pattern', 'minlength'];","\t    var statementOnly = ['change', 'keydown', 'keyup', 'keypress', 'click', 'focus', 'blur'];","\t    var attributeOnly = ['placeholder', 'min', 'max', 'step', 'tabindex', 'type'];","\t    if (formlyConfig.extras.ngModelAttrsManipulatorPreferUnbound) {","\t      bothAttributeAndBound.push('maxlength');","\t    } else {","\t      boundOnly.push('maxlength');","\t    }","","\t    _angularFix2['default'].forEach(boundOnly, function (item) {","\t      ngModelAttributes[item] = { bound: 'ng-' + item };","\t    });","","\t    _angularFix2['default'].forEach(bothBooleanAndBound, function (item) {","\t      ngModelAttributes[item] = { boolean: item, bound: 'ng-' + item };","\t    });","","\t    _angularFix2['default'].forEach(bothAttributeAndBound, function (item) {","\t      ngModelAttributes[item] = { attribute: item, bound: 'ng-' + item };","\t    });","","\t    _angularFix2['default'].forEach(statementOnly, function (item) {","\t      var propName = 'on' + item.substr(0, 1).toUpperCase() + item.substr(1);","\t      ngModelAttributes[propName] = { statement: 'ng-' + item };","\t    });","","\t    _angularFix2['default'].forEach(attributeOnly, function (item) {","\t      ngModelAttributes[item] = { attribute: item };","\t    });","\t    return ngModelAttributes;","\t  }","","\t  function getEpValue(ep, name) {","\t    return ep['templateOptions.' + name] || ep['templateOptions[\\'' + name + '\\']'] || ep['templateOptions[\"' + name + '\"]'];","\t  }","","\t  function addIfNotPresent(nodes, attr, val) {","\t    _angularFix2['default'].forEach(nodes, function (node) {","\t      if (!node.getAttribute(attr)) {","\t        node.setAttribute(attr, val);","\t      }","\t    });","\t  }","","\t  function addRegardlessOfPresence(nodes, attr, val) {","\t    _angularFix2['default'].forEach(nodes, function (node) {","\t      node.setAttribute(attr, val);","\t    });","\t  }","","\t  function isPropertyAccessor(key) {","\t    return (0, _otherUtils.contains)(key, '.') || (0, _otherUtils.contains)(key, '[') && (0, _otherUtils.contains)(key, ']');","\t  }","\t}","\tmodule.exports = exports['default'];","","/***/ },","/* 19 */","/***/ function(module, exports, __webpack_require__) {","","\t'use strict';","","\taddCustomTags.$inject = [\"$document\"];","\tObject.defineProperty(exports, '__esModule', {","\t  value: true","\t});","","\tfunction _interopRequireDefault(obj) { return obj && obj.__esModule ? obj : { 'default': obj }; }","","\tvar _angularFix = __webpack_require__(2);","","\tvar _angularFix2 = _interopRequireDefault(_angularFix);","","\texports['default'] = addCustomTags;","","\t// @ngInject","\tfunction addCustomTags($document) {","\t  // IE8 check ->","\t  // https://msdn.microsoft.com/en-us/library/cc196988(v=vs.85).aspx","\t  if ($document && $document.documentMode < 9) {","\t    (function () {","\t      var document = $document.get(0);","\t      // add the custom elements that we need for formly","\t      var customElements = ['formly-field', 'formly-form'];","\t      _angularFix2['default'].forEach(customElements, function (el) {","\t        document.createElement(el);","\t      });","\t    })();","\t  }","\t}","\tmodule.exports = exports['default'];","","/***/ }","/******/ ])","});",";"],"l":{"9":2,"10":2,"11":2,"12":0,"13":0,"14":0,"15":0,"17":0,"19":0,"21":0,"24":1,"27":0,"28":0,"31":0,"38":0,"41":0,"44":0,"49":0,"52":0,"55":0,"58":0,"67":0,"71":1,"73":0,"75":0,"77":0,"78":0,"86":0,"90":1,"92":0,"94":0,"96":0,"98":0,"100":0,"102":0,"104":0,"106":0,"108":0,"110":0,"112":0,"114":0,"116":0,"118":0,"120":0,"122":0,"124":0,"126":0,"128":0,"130":0,"132":0,"134":0,"136":0,"138":0,"140":0,"142":0,"144":0,"146":0,"148":0,"150":0,"152":0,"154":0,"156":0,"158":0,"159":0,"160":0,"162":0,"163":0,"165":0,"166":0,"167":0,"169":0,"170":0,"171":0,"172":0,"173":0,"175":0,"176":0,"177":0,"187":0,"190":0,"193":1,"194":1,"196":0,"197":0,"203":0,"211":0,"215":1,"217":0,"219":0,"221":0,"223":0,"225":0,"232":1,"233":0,"234":0,"236":0,"238":1,"239":0,"240":0,"241":0,"243":0,"244":0,"245":0,"246":0,"250":0,"251":0,"254":0,"255":0,"257":0,"259":0,"265":0,"267":0,"279":0,"284":0,"286":0,"291":0,"296":0,"302":0,"363":0,"365":0,"379":0,"397":0,"398":0,"400":0,"417":0,"421":0,"422":0,"428":0,"436":0,"439":0,"440":0,"448":0,"449":0,"453":1,"455":0,"457":0,"459":0,"462":1,"463":0,"465":0,"472":0,"476":1,"477":0,"478":0,"479":0,"480":0,"482":0,"485":1,"486":0,"487":0,"488":0,"490":0,"493":1,"494":0,"495":0,"496":0,"498":0,"501":1,"502":0,"508":1,"509":0,"510":0,"511":0,"515":0,"523":0,"524":0,"528":1,"530":1,"532":0,"534":0,"536":0,"538":0,"540":0,"543":1,"544":0,"546":0,"547":0,"548":0,"549":0,"550":0,"552":0,"577":0,"581":1,"582":0,"583":0,"584":0,"585":0,"586":0,"588":0,"593":0,"594":0,"595":0,"596":0,"597":0,"599":0,"600":0,"602":0,"606":1,"607":0,"611":0,"612":0,"614":0,"618":1,"619":0,"620":0,"621":0,"622":0,"623":0,"624":0,"627":1,"628":0,"629":0,"630":0,"631":0,"635":1,"636":0,"637":0,"638":0,"640":0,"641":0,"642":0,"643":0,"644":0,"646":0,"648":0,"652":1,"653":0,"654":0,"655":0,"657":0,"658":0,"659":0,"660":0,"661":0,"664":0,"668":1,"669":0,"670":0,"671":0,"673":0,"674":0,"675":0,"676":0,"677":0,"678":0,"679":0,"680":0,"681":0,"682":0,"683":0,"685":0,"686":0,"688":0,"689":0,"690":0,"691":0,"692":0,"697":1,"698":0,"699":0,"701":0,"702":0,"703":0,"705":0,"709":1,"710":0,"713":1,"714":0,"715":0,"716":0,"717":0,"719":0,"720":0,"721":0,"722":0,"723":0,"725":0,"728":1,"729":0,"731":0,"732":0,"734":0,"736":0,"737":0,"738":0,"740":0,"741":0,"742":0,"743":0,"744":0,"745":0,"746":0,"747":0,"751":0,"752":0,"753":0,"758":1,"759":0,"760":0,"762":0,"763":0,"765":0,"769":1,"770":0,"773":1,"774":0,"775":0,"776":0,"778":0,"779":0,"781":0,"783":0,"786":1,"787":0,"788":0,"789":0,"793":1,"794":0,"795":0,"799":1,"800":0,"803":1,"805":0,"806":0,"807":0,"808":0,"809":0,"813":0,"816":1,"817":0,"818":0,"819":0,"822":1,"823":0,"824":0,"825":0,"827":0,"828":0,"830":0,"831":0,"833":0,"837":1,"838":0,"840":0,"841":0,"842":0,"843":0,"844":0,"848":0,"856":0,"860":1,"862":0,"864":0,"866":0,"871":1,"872":0,"875":1,"876":0,"877":0,"879":0,"882":1,"883":0,"884":0,"886":0,"890":1,"891":0,"892":0,"894":0,"895":0,"896":0,"897":0,"898":0,"901":0,"904":1,"905":0,"906":0,"907":0,"909":0,"910":0,"911":0,"912":0,"913":0,"917":0,"920":1,"921":0,"925":1,"926":0,"928":0,"931":0,"932":0,"935":0,"936":0,"937":0,"938":0,"939":0,"944":1,"945":0,"946":0,"947":0,"948":0,"950":0,"953":1,"954":0,"955":0,"958":0,"959":0,"960":0,"961":0,"966":1,"967":0,"968":0,"969":0,"971":0,"972":0,"973":0,"974":0,"977":0,"978":0,"979":0,"981":0,"985":1,"986":0,"987":0,"989":0,"993":1,"994":0,"995":0,"997":0,"1000":0,"1008":0,"1011":0,"1014":1,"1016":0,"1022":0,"1024":1,"1025":0,"1028":1,"1029":0,"1030":0,"1034":1,"1035":0,"1036":0,"1037":0,"1039":0,"1044":0,"1052":0,"1056":1,"1058":0,"1060":0,"1062":0,"1065":1,"1066":0,"1068":0,"1076":0,"1077":0,"1081":1,"1083":0,"1086":1,"1087":0,"1088":0,"1089":0,"1090":0,"1091":0,"1092":0,"1093":0,"1097":0,"1105":0,"1106":0,"1110":1,"1112":0,"1114":0,"1116":0,"1119":1,"1120":0,"1124":0,"1125":0,"1126":0,"1127":0,"1128":0,"1132":0,"1133":0,"1134":0,"1136":1,"1137":0,"1138":0,"1139":0,"1140":0,"1142":0,"1146":1,"1147":0,"1148":0,"1149":0,"1150":0,"1155":1,"1156":0,"1158":0,"1159":0,"1163":1,"1164":0,"1165":0,"1166":0,"1167":0,"1168":0,"1169":0,"1170":0,"1171":0,"1172":0,"1173":0,"1176":0,"1177":0,"1180":0,"1181":0,"1182":0,"1184":0,"1188":0,"1190":0,"1196":0,"1204":0,"1205":0,"1209":1,"1211":1,"1213":0,"1215":0,"1217":0,"1219":0,"1221":0,"1229":1,"1230":0,"1231":0,"1233":0,"1253":1,"1255":0,"1256":0,"1257":0,"1260":0,"1261":0,"1262":0,"1263":0,"1264":0,"1268":0,"1269":0,"1270":0,"1271":0,"1272":0,"1273":0,"1274":0,"1277":1,"1278":0,"1280":0,"1281":0,"1282":0,"1283":0,"1284":0,"1285":0,"1286":0,"1287":0,"1289":0,"1291":0,"1292":0,"1295":0,"1298":1,"1299":0,"1300":0,"1301":0,"1302":0,"1303":0,"1304":0,"1305":0,"1306":0,"1308":0,"1315":1,"1316":0,"1317":0,"1319":0,"1320":0,"1322":0,"1325":1,"1326":0,"1329":1,"1330":0,"1334":1,"1335":0,"1336":0,"1339":0,"1340":0,"1341":0,"1342":0,"1344":0,"1348":1,"1350":0,"1351":0,"1354":0,"1356":0,"1357":0,"1358":0,"1360":0,"1361":0,"1362":0,"1367":1,"1369":0,"1370":0,"1374":0,"1376":0,"1378":0,"1382":1,"1384":0,"1392":0,"1393":0,"1396":1,"1397":0,"1398":0,"1400":0,"1401":0,"1403":0,"1404":0,"1405":0,"1408":1,"1409":0,"1410":0,"1414":1,"1415":0,"1418":1,"1419":0,"1420":0,"1422":0,"1423":0,"1424":0,"1428":1,"1429":0,"1430":0,"1431":0,"1433":0,"1437":1,"1438":0,"1439":0,"1449":1,"1450":0,"1451":0,"1452":0,"1453":0,"1454":0,"1457":0,"1460":0,"1461":0,"1462":0,"1466":1,"1467":0,"1468":0,"1471":0,"1472":0,"1473":0,"1476":0,"1477":0,"1481":1,"1482":0,"1485":1,"1486":0,"1487":0,"1488":0,"1489":0,"1490":0,"1496":1,"1497":0,"1498":0,"1500":0,"1501":0,"1502":0,"1507":1,"1508":0,"1509":0,"1510":0,"1515":1,"1516":0,"1517":0,"1518":0,"1522":0,"1523":0,"1524":0,"1528":0,"1529":0,"1531":0,"1532":0,"1533":0,"1534":0,"1535":0,"1536":0,"1537":0,"1540":1,"1541":0,"1542":0,"1543":0,"1544":0,"1545":0,"1546":0,"1549":0,"1550":0,"1551":0,"1552":0,"1554":0,"1557":1,"1558":0,"1559":0,"1563":1,"1564":0,"1565":0,"1567":0,"1568":0,"1572":1,"1573":0,"1574":0,"1575":0,"1578":1,"1579":0,"1580":0,"1581":0,"1583":0,"1584":0,"1586":0,"1587":0,"1588":0,"1589":0,"1593":1,"1594":0,"1595":0,"1596":0,"1597":0,"1599":0,"1602":1,"1603":0,"1604":0,"1605":0,"1606":0,"1607":0,"1609":0,"1611":0,"1613":0,"1614":0,"1615":0,"1616":0,"1617":0,"1622":1,"1623":0,"1624":0,"1625":0,"1626":0,"1627":0,"1628":0,"1630":0,"1631":0,"1632":0,"1633":0,"1634":0,"1635":0,"1638":0,"1639":0,"1640":0,"1644":0,"1645":0,"1649":1,"1650":0,"1653":1,"1654":0,"1655":0,"1656":0,"1657":0,"1658":0,"1659":0,"1660":0,"1661":0,"1664":0,"1665":0,"1666":0,"1667":0,"1668":0,"1674":1,"1675":0,"1676":0,"1677":0,"1681":0,"1684":0,"1687":0,"1690":0,"1691":0,"1694":0,"1695":0,"1696":0,"1699":0,"1700":0,"1702":0,"1705":1,"1706":0,"1707":0,"1709":0,"1710":0,"1712":0,"1715":0,"1716":0,"1720":0,"1723":0,"1725":0,"1728":1,"1729":0,"1731":0,"1732":0,"1733":0,"1735":0,"1738":1,"1739":0,"1740":0,"1742":1,"1743":0,"1744":0,"1750":1,"1751":0,"1752":0,"1754":0,"1755":0,"1759":1,"1760":0,"1761":0,"1762":0,"1763":0,"1764":0,"1765":0,"1769":0,"1775":1,"1776":0,"1777":0,"1780":1,"1781":0,"1784":1,"1785":0,"1786":0,"1787":0,"1788":0,"1789":0,"1790":0,"1792":1,"1795":0,"1797":0,"1798":0,"1799":0,"1800":0,"1802":0,"1803":0,"1808":1,"1809":1,"1810":0,"1811":0,"1812":0,"1813":0,"1817":0,"1818":0,"1819":0,"1820":0,"1821":0,"1824":0,"1827":1,"1828":0,"1829":0,"1830":0,"1832":0,"1835":0,"1836":0,"1838":0,"1839":0,"1840":0,"1842":0,"1844":0,"1846":0,"1851":0,"1855":1,"1856":0,"1858":0,"1859":0,"1860":0,"1863":0,"1864":0,"1865":0,"1867":0,"1868":0,"1870":0,"1871":0,"1872":0,"1874":0,"1875":0,"1876":0,"1877":0,"1879":0,"1884":1,"1885":0,"1886":0,"1887":0,"1888":0,"1890":0,"1892":0,"1893":0,"1896":1,"1898":0,"1900":0,"1901":0,"1905":0,"1907":0,"1909":0,"1913":0,"1914":0,"1915":0,"1916":0,"1920":0,"1921":0,"1922":0,"1926":0,"1927":0,"1928":0,"1930":0,"1933":1,"1934":0,"1939":0,"1940":0,"1941":0,"1943":0,"1944":0,"1948":1,"1949":0,"1955":1,"1956":0,"1957":0,"1958":0,"1959":0,"1961":0,"1962":0,"1963":0,"1964":0,"1969":1,"1971":0,"1972":0,"1974":0,"1975":0,"1976":0,"1978":0,"1980":0,"1981":0,"1982":0,"1983":0,"1987":0,"1993":1,"1994":0,"1997":1,"1998":0,"2000":0,"2008":0,"2009":0,"2012":0,"2015":1,"2016":0,"2019":0,"2020":0,"2021":0,"2022":0,"2024":0,"2025":0,"2026":0,"2027":0,"2029":0,"2030":0,"2031":0,"2032":0,"2033":0,"2041":0,"2049":0,"2050":0,"2054":1,"2056":0,"2058":0,"2060":0,"2068":1,"2069":0,"2070":0,"2085":1,"2086":0,"2087":0,"2088":0,"2089":0,"2090":0,"2091":0,"2093":0,"2095":1,"2096":0,"2099":1,"2100":0,"2103":1,"2104":0,"2107":1,"2108":0,"2109":0,"2111":0,"2115":1,"2116":0,"2117":0,"2118":0,"2119":0,"2120":0,"2123":0,"2125":0,"2128":1,"2129":0,"2132":1,"2133":0,"2134":0,"2135":0,"2136":0,"2137":0,"2139":0,"2140":0,"2143":0,"2147":1,"2148":0,"2149":0,"2151":1,"2152":0,"2153":0,"2154":0,"2155":0,"2156":0,"2157":0,"2158":0,"2159":0,"2160":0,"2161":0,"2162":0,"2174":0,"2176":0,"2179":0,"2181":0,"2190":1,"2191":0,"2192":0,"2193":0,"2194":0,"2195":0,"2196":0,"2197":0,"2198":0,"2204":1,"2205":0,"2206":0,"2207":0,"2210":0,"2214":0,"2222":0,"2223":0,"2226":0,"2227":0,"2229":1,"2231":1,"2233":0,"2235":0,"2237":1,"2238":0,"2243":1,"2245":0,"2246":0,"2247":0,"2250":0,"2251":0,"2252":0,"2253":0,"2256":0,"2257":0,"2260":1,"2261":0,"2264":1,"2265":0,"2266":0,"2267":0,"2268":0,"2271":0,"2275":1,"2276":0,"2277":0,"2278":0,"2280":0,"2281":0,"2283":0,"2284":0,"2285":0,"2286":0,"2289":0,"2294":1,"2295":0,"2297":0,"2299":0,"2301":0,"2302":0,"2305":0,"2306":0,"2307":0,"2308":0,"2309":0,"2314":0,"2316":0,"2317":0,"2320":0,"2321":0,"2324":1,"2325":0,"2326":0,"2327":0,"2328":0,"2332":1,"2333":0,"2334":0,"2335":0,"2337":0,"2343":1,"2344":0,"2345":0,"2346":0,"2348":0,"2353":1,"2354":0,"2355":0,"2356":0,"2357":0,"2358":0,"2363":1,"2365":0,"2367":0,"2369":0,"2371":0,"2374":0,"2375":0,"2377":0,"2378":0,"2379":0,"2381":0,"2386":1,"2387":0,"2388":0,"2390":0,"2391":0,"2392":0,"2393":0,"2395":0,"2401":1,"2402":0,"2404":0,"2405":0,"2406":0,"2408":0,"2410":0,"2412":0,"2413":0,"2415":0,"2420":0,"2422":1,"2423":0,"2424":0,"2426":0,"2427":0,"2430":0,"2434":1,"2435":0,"2436":0,"2440":1,"2441":0,"2442":0,"2446":1,"2447":0,"2448":0,"2450":0,"2451":0,"2452":0,"2454":0,"2455":0,"2456":0,"2458":0,"2459":0,"2461":0,"2462":0,"2466":1,"2467":0,"2468":0,"2469":0,"2470":0,"2471":0,"2473":0,"2474":0,"2477":0,"2478":0,"2479":0,"2480":0,"2482":0,"2484":0,"2485":0,"2487":0,"2490":1,"2491":0,"2492":0,"2493":0,"2496":0,"2497":0,"2498":0,"2499":0,"2500":0,"2501":0,"2503":0,"2504":0,"2506":0,"2508":0,"2511":0,"2514":1,"2515":0,"2516":0,"2519":0,"2522":1,"2523":0,"2525":0,"2526":0,"2529":1,"2531":0,"2543":0,"2551":0,"2552":0,"2556":1,"2558":0,"2560":0,"2562":0,"2564":0,"2567":1,"2568":0,"2569":0,"2571":0,"2573":1,"2574":0,"2575":0,"2576":0,"2577":0,"2579":0,"2581":0,"2582":0,"2583":0,"2586":0,"2587":0,"2589":0,"2590":0,"2591":0,"2592":0,"2593":0,"2595":0,"2597":1,"2598":0,"2599":0,"2603":1,"2604":0,"2605":0,"2609":1,"2610":0,"2611":0,"2612":0,"2613":0,"2618":1,"2619":0,"2621":0,"2623":0,"2624":0,"2626":0,"2629":0,"2632":0,"2634":0,"2636":0,"2637":0,"2638":0,"2640":0,"2641":0,"2642":0,"2644":0,"2645":0,"2646":0,"2647":0,"2648":0,"2649":0,"2650":0,"2651":0,"2653":0,"2655":0,"2656":0,"2657":0,"2658":0,"2659":0,"2660":0,"2661":0,"2662":0,"2663":0,"2664":0,"2665":0,"2666":0,"2667":0,"2673":0,"2674":0,"2675":0,"2678":0,"2679":0,"2684":1,"2685":0,"2686":0,"2692":1,"2693":0,"2694":0,"2695":0,"2696":0,"2697":0,"2701":0,"2705":1,"2706":0,"2707":0,"2710":0,"2711":0,"2714":0,"2715":0,"2716":0,"2717":0,"2721":0,"2724":1,"2725":0,"2726":0,"2727":0,"2730":1,"2731":0,"2736":0,"2737":0,"2738":0,"2739":0,"2740":0,"2741":0,"2742":0,"2744":0,"2747":0,"2748":0,"2751":0,"2752":0,"2755":0,"2756":0,"2759":0,"2760":0,"2761":0,"2764":0,"2765":0,"2767":0,"2770":1,"2771":0,"2774":1,"2775":0,"2776":0,"2777":0,"2782":1,"2783":0,"2784":0,"2788":1,"2789":0,"2792":0,"2800":0,"2801":0,"2805":1,"2807":0,"2809":0,"2811":0,"2814":1,"2817":0,"2818":0,"2819":0,"2821":0,"2822":0,"2823":0,"2828":0}},"/home/travis/build/npmtest/node-npmtest-angular-formly/node_modules/angular-formly/gulpfile.js":{"path":"/home/travis/build/npmtest/node-npmtest-angular-formly/node_modules/angular-formly/gulpfile.js","s":{"1":2,"2":0,"3":0,"4":0,"5":0,"6":0},"b":{},"f":{"1":0},"fnMap":{"1":{"name":"(anonymous_1)","line":5,"loc":{"start":{"line":5,"column":20},"end":{"line":5,"column":31}}}},"statementMap":{"1":{"start":{"line":1,"column":0},"end":{"line":1,"column":28}},"2":{"start":{"line":2,"column":0},"end":{"line":2,"column":39}},"3":{"start":{"line":5,"column":0},"end":{"line":12,"column":2}},"4":{"start":{"line":6,"column":2},"end":{"line":6,"column":39}},"5":{"start":{"line":7,"column":2},"end":{"line":7,"column":53}},"6":{"start":{"line":9,"column":2},"end":{"line":11,"column":26}}},"branchMap":{},"code":["const gulp = require('gulp')","const replace = require('gulp-replace')","","// bump npm package version into package.js","gulp.task('meteor', function() {","  const pkg = require('./package.json')","  const versionRegex = /(version\\:\\s*\\')([^\\']+)\\'/gi","","  return gulp.src('package.js')","    .pipe(replace(versionRegex, '$1' + pkg.version + \"'\"))","    .pipe(gulp.dest('./'))","})",""],"l":{"1":2,"2":0,"5":0,"6":0,"7":0,"9":0}},"/home/travis/build/npmtest/node-npmtest-angular-formly/node_modules/angular-formly/package.js":{"path":"/home/travis/build/npmtest/node-npmtest-angular-formly/node_modules/angular-formly/package.js","s":{"1":1,"2":1,"3":0,"4":0,"5":0,"6":0,"7":0,"8":0},"b":{},"f":{"1":0},"fnMap":{"1":{"name":"(anonymous_1)","line":12,"loc":{"start":{"line":12,"column":16},"end":{"line":12,"column":30}}}},"statementMap":{"1":{"start":{"line":4,"column":0},"end":{"line":23,"column":1}},"2":{"start":{"line":5,"column":2},"end":{"line":10,"column":4}},"3":{"start":{"line":12,"column":2},"end":{"line":20,"column":4}},"4":{"start":{"line":13,"column":4},"end":{"line":13,"column":36}},"5":{"start":{"line":15,"column":4},"end":{"line":15,"column":37}},"6":{"start":{"line":16,"column":4},"end":{"line":16,"column":33}},"7":{"start":{"line":18,"column":4},"end":{"line":18,"column":36}},"8":{"start":{"line":19,"column":4},"end":{"line":19,"column":44}}},"branchMap":{},"code":["/* global Package:false */","// package metadata file for AtmosphereJS","","try {","  Package.describe({","    name: 'formly:angular-formly',","    summary: 'angular-formly (official): forms for AngularJS',","    version: '8.4.1',","    git: 'https://github.com/formly-js/angular-formly.git',","  })","","  Package.onUse(function(api) {","    api.versionsFrom(['METEOR@1.0'])","    // api-check","    api.use('wieldo:api-check@7.5.5')","    api.imply('wieldo:api-check')","    // angular","    api.use('angular:angular@1.4.0')","    api.addFiles('dist/formly.js', 'client')","  })","} catch (e) {","  //","}",""],"l":{"4":1,"5":1,"12":0,"13":0,"15":0,"16":0,"18":0,"19":0}}}